nohup: ignoring input
Total number of GLL nodes on fault: 481
Average node spacing: 100.0 m
ThickX: 24000.0 m
ThickY: 2250.0 m
dt: 0.011215780 s
The nucleation size of homogeneous medium:3688.5274616430042 m
alphaa = 0.6
Time (yr) = 2.1997e-06
Time (yr) = 28.203
Time (yr) = 39.069
Time (yr) = 46.881
Time (yr) = 47.122
Time (yr) = 47.122
Time (yr) = 47.122
Time (yr) = 47.122
alphaa = 0.6
alphaa = 0.6
alphaa = 0.6
alphaa = 0.6
alphaa = 0.6
alphaa = 0.6
alphaa = 0.6
alphaa = 0.6
alphaa = 0.6
alphaa = 0.6
alphaa = 0.6
alphaa = 0.6
alphaa = 0.6
alphaa = 0.6
alphaa = 0.6
alphaa = 0.6
alphaa = 0.6
alphaa = 0.6
alphaa = 0.6
alphaa = 0.6
alphaa = 0.6
alphaa = 0.6
alphaa = 0.6
alphaa = 0.6
alphaa = 0.6
Time (yr) = 47.122
Time (yr) = 64.615
Time (yr) = 75.327
Time (yr) = 78.783
Time (yr) = 82.606
Time (yr) = 82.625
alphaa = 0.6
Time (yr) = 82.625
Time (yr) = 82.625
alphaa = 0.6
Time (yr) = 82.625
alphaa = 0.6
Time (yr) = 82.625
Time (yr) = 82.625
Time (yr) = 82.625
Time (yr) = 82.625
Time (yr) = 82.625
Time (yr) = 82.625
Time (yr) = 82.625
alphaa = 0.6
Time (yr) = 82.625
Time (yr) = 82.625
Time (yr) = 82.625
alphaa = 0.6
Time (yr) = 82.625
alphaa = 0.6
Time (yr) = 82.625
Time (yr) = 82.625
Time (yr) = 82.625
Time (yr) = 82.625
alphaa = 0.6
Time (yr) = 82.625
Time (yr) = 82.625
Time (yr) = 82.625
Time (yr) = 82.625
Time (yr) = 82.625
Time (yr) = 82.625
Time (yr) = 82.625
Time (yr) = 82.625
Time (yr) = 82.625
Time (yr) = 82.625
alphaa = 0.6
Time (yr) = 82.625
alphaa = 0.6
alphaa = 0.6
alphaa = 0.6
alphaa = 0.6
alphaa = 0.6
alphaa = 0.6
alphaa = 0.6
alphaa = 0.6
alphaa = 0.6
alphaa = 0.6
alphaa = 0.6
alphaa = 0.6
Time (yr) = 82.625
alphaa = 0.6
alphaa = 0.6
alphaa = 0.6
alphaa = 0.6
alphaa = 0.6
alphaa = 0.6
Time (yr) = 91.884
Time (yr) = 112.12
Time (yr) = 117.41
Time (yr) = 118.57
Time (yr) = 118.57
alphaa = 0.6
alphaa = 0.6
alphaa = 0.6
alphaa = 0.6
alphaa = 0.6
alphaa = 0.6
Time (yr) = 118.57
Time (yr) = 118.57
Time (yr) = 118.57
Time (yr) = 118.57
Time (yr) = 118.57
Time (yr) = 118.57
Time (yr) = 118.57
alphaa = 0.6
Time (yr) = 118.57
Time (yr) = 118.57
Time (yr) = 118.57
Time (yr) = 118.57
Time (yr) = 118.57
Time (yr) = 118.57
Time (yr) = 118.57
Time (yr) = 118.57
Time (yr) = 118.57
alphaa = 0.6
alphaa = 0.6
alphaa = 0.6
alphaa = 0.6
alphaa = 0.6
alphaa = 0.6
alphaa = 0.6
alphaa = 0.6
alphaa = 0.6
alphaa = 0.6
alphaa = 0.6
Time (yr) = 118.57
alphaa = 0.6
alphaa = 0.6
alphaa = 0.6
alphaa = 0.6
alphaa = 0.6
alphaa = 0.6
alphaa = 0.6
Time (yr) = 118.57
Time (yr) = 118.57
alphaa = 0.6
alphaa = 0.6
alphaa = 0.6
alphaa = 0.6
alphaa = 0.6
alphaa = 0.6
Time (yr) = 118.59
Time (yr) = 147.1
Time (yr) = 151.54
Time (yr) = 153.85
Time (yr) = 158.78
Time (yr) = 158.81
Time (yr) = 158.81
Time (yr) = 158.81
Time (yr) = 158.81
Time (yr) = 158.81
Time (yr) = 158.81
alphaa = 0.6
alphaa = 0.6
alphaa = 0.6
alphaa = 0.6
alphaa = 0.6
alphaa = 0.6
Time (yr) = 158.81
Time (yr) = 173.4
Time (yr) = 185.81
Time (yr) = 189.76
Time (yr) = 189.76
Time (yr) = 189.76
Time (yr) = 189.76
Time (yr) = 189.76
Time (yr) = 189.76
Time (yr) = 189.76
alphaa = 0.6
alphaa = 0.6
alphaa = 0.6
Time (yr) = 189.76
alphaa = 0.6
Time (yr) = 189.76
alphaa = 0.6
Time (yr) = 189.76
Time (yr) = 189.76
alphaa = 0.6
Time (yr) = 189.76
alphaa = 0.6
Time (yr) = 189.76
Time (yr) = 189.76
alphaa = 0.6
Time (yr) = 189.76
Time (yr) = 189.76
alphaa = 0.6
Time (yr) = 189.76
Time (yr) = 189.76
alphaa = 0.6
Time (yr) = 189.76
Time (yr) = 189.76
Time (yr) = 189.76
alphaa = 0.6
Time (yr) = 189.76
Time (yr) = 189.76
alphaa = 0.6
Time (yr) = 189.76
Time (yr) = 189.76
Time (yr) = 189.76
alphaa = 0.6
Time (yr) = 189.76
alphaa = 0.6
Time (yr) = 189.76
Time (yr) = 189.76
Time (yr) = 189.76
alphaa = 0.6
Time (yr) = 189.76
Time (yr) = 189.76
alphaa = 0.6
Time (yr) = 189.76
Time (yr) = 189.76
alphaa = 0.6
Time (yr) = 189.76
Time (yr) = 189.76
Time (yr) = 189.76
Time (yr) = 189.76
alphaa = 0.6
Time (yr) = 189.76
Time (yr) = 189.76
Time (yr) = 189.76
Time (yr) = 189.76
Time (yr) = 189.76
Time (yr) = 189.76
Time (yr) = 189.76
Time (yr) = 189.76
alphaa = 0.6
alphaa = 0.6
Time (yr) = 189.76
alphaa = 0.6
alphaa = 0.6
alphaa = 0.6
alphaa = 0.6
alphaa = 0.6
alphaa = 0.6
alphaa = 0.6
alphaa = 0.6
alphaa = 0.6
alphaa = 0.6
alphaa = 0.6
alphaa = 0.6
alphaa = 0.6
alphaa = 0.6
alphaa = 0.6
alphaa = 0.6
alphaa = 0.6
alphaa = 0.6
alphaa = 0.6
Time (yr) = 190.24
Time (yr) = 212.26
Time (yr) = 220.65
Time (yr) = 223.03
Time (yr) = 223.54
Time (yr) = 225.49
Time (yr) = 225.49
Time (yr) = 225.49
Time (yr) = 225.49
Time (yr) = 225.49
Time (yr) = 225.49
Time (yr) = 225.49
alphaa = 0.6
alphaa = 0.6
alphaa = 0.6
alphaa = 0.6
Time (yr) = 225.49
Time (yr) = 225.49
alphaa = 0.6
alphaa = 0.6
alphaa = 0.6
Time (yr) = 225.49
alphaa = 0.6
alphaa = 0.6
Time (yr) = 225.49
Time (yr) = 225.49
alphaa = 0.6
Time (yr) = 225.49
Time (yr) = 225.49
Time (yr) = 228.32
Time (yr) = 228.37
Time (yr) = 237.53
Time (yr) = 239.74
Time (yr) = 239.74
Time (yr) = 239.74
Time (yr) = 239.74
Time (yr) = 239.74
alphaa = 0.6
alphaa = 0.6
alphaa = 0.6
Time (yr) = 239.74
alphaa = 0.6
alphaa = 0.6
alphaa = 0.6
alphaa = 0.6
Time (yr) = 241.6
alphaa = 0.6
Time (yr) = 254.28
alphaa = 0.6
alphaa = 0.6
alphaa = 0.6
Time (yr) = 254.28
Time (yr) = 254.28
alphaa = 0.6
Time (yr) = 254.28
Time (yr) = 254.28
Time (yr) = 254.28
Time (yr) = 254.28
Time (yr) = 254.28
Time (yr) = 254.28
alphaa = 0.6
Time (yr) = 254.28
Time (yr) = 254.28
Time (yr) = 254.28
Time (yr) = 254.28
alphaa = 0.6
Time (yr) = 254.28
Time (yr) = 254.28
Time (yr) = 254.28
Time (yr) = 254.28
alphaa = 0.6
Time (yr) = 254.28
Time (yr) = 254.28
Time (yr) = 254.28
Time (yr) = 254.28
Time (yr) = 254.28
alphaa = 0.6
Time (yr) = 254.28
Time (yr) = 254.28
Time (yr) = 254.28
Time (yr) = 254.28
Time (yr) = 254.28
Time (yr) = 254.28
Time (yr) = 254.28
alphaa = 0.6
alphaa = 0.6
Time (yr) = 254.28
Time (yr) = 254.28
alphaa = 0.6
Time (yr) = 254.28
alphaa = 0.6
Time (yr) = 254.28
Time (yr) = 260.41
Time (yr) = 273.36
Time (yr) = 278.1
Time (yr) = 278.58
alphaa = 0.6
alphaa = 0.6
alphaa = 0.6
Time (yr) = 278.58
Time (yr) = 278.58
Time (yr) = 278.58
alphaa = 0.6
Time (yr) = 278.58
Time (yr) = 278.58
Time (yr) = 278.58
Time (yr) = 278.58
alphaa = 0.6
Time (yr) = 278.58
alphaa = 0.6
Time (yr) = 278.58
Time (yr) = 282.14
Time (yr) = 283.84
alphaa = 0.6
alphaa = 0.6
alphaa = 0.6
Time (yr) = 283.84
Time (yr) = 283.84
Time (yr) = 283.84
Time (yr) = 283.84
alphaa = 0.6
alphaa = 0.6
Time (yr) = 283.84
Time (yr) = 283.84
Time (yr) = 283.84
alphaa = 0.6
Time (yr) = 283.84
Time (yr) = 283.84
Time (yr) = 283.99
Time (yr) = 294.76
Time (yr) = 295.6
Time (yr) = 295.6
Time (yr) = 295.6
Time (yr) = 295.6
Time (yr) = 295.6
Time (yr) = 295.6
Time (yr) = 295.6
alphaa = 0.6
alphaa = 0.6
Time (yr) = 295.6
Time (yr) = 295.6
alphaa = 0.6
Time (yr) = 295.6
alphaa = 0.6
Time (yr) = 295.6
alphaa = 0.6
Time (yr) = 295.6
Time (yr) = 295.6
Time (yr) = 295.66
Time (yr) = 297.91
Time (yr) = 297.92
Time (yr) = 297.92
Time (yr) = 297.92
Time (yr) = 297.92
Time (yr) = 297.92
Time (yr) = 297.92
Time (yr) = 297.92
Time (yr) = 297.92
Time (yr) = 297.92
Time (yr) = 297.92
Time (yr) = 297.92
Time (yr) = 297.92
Time (yr) = 297.92
Time (yr) = 297.92
Time (yr) = 297.92
Time (yr) = 297.92
Time (yr) = 297.92
Time (yr) = 297.92
Time (yr) = 297.92
Time (yr) = 297.92
alphaa = 0.6
alphaa = 0.6
Time (yr) = 297.92
alphaa = 0.6
Time (yr) = 297.92
Time (yr) = 297.92
Time (yr) = 297.92
alphaa = 0.6
Time (yr) = 297.92
Time (yr) = 297.92
Time (yr) = 298.85
36202.235540 seconds (34.85 G allocations: 15.730 TiB, 1.92% gc time, 0.04% compilation time)


[36m[1m[ [22m[39m[36m[1mInfo: [22m[39mSimulation Complete!
