nohup: ignoring input
Total number of GLL nodes on fault: 721
Average node spacing: 66.66666666666667 m
ThickX: 24000.0 m
ThickY: 1000.0 m
dt: 0.007477187 s
The nucleation size of homogeneous medium:3688.5274616430042 m
The approximate nucleation size of damage zone medium:1229.5091538810013 m
The Cohesive zone size of homogeneous medium:238.3832923392739 m
Time (yr) = 3.45e-07
alphaa = 0.6
Time (yr) = 14.603
Time (yr) = 19.665
Time (yr) = 22.911
Time (yr) = 22.99
Time (yr) = 22.99
Time (yr) = 22.99
Time (yr) = 22.99
Time (yr) = 22.99
alphaa = 0.6
alphaa = 0.6
Time (yr) = 22.99
Time (yr) = 22.99
Time (yr) = 22.99
Time (yr) = 22.99
Time (yr) = 22.99
Time (yr) = 22.99
Time (yr) = 23.003
Time (yr) = 28.002
Time (yr) = 32.279
Time (yr) = 34.878
Time (yr) = 37.228
Time (yr) = 39.125
Time (yr) = 43.784
Time (yr) = 46.231
Time (yr) = 49.792
Time (yr) = 51.678
Time (yr) = 55.552
Time (yr) = 58.241
Time (yr) = 61.102
Time (yr) = 62.638
Time (yr) = 67.69
Time (yr) = 68.158
Time (yr) = 73.648
Time (yr) = 75.294
Time (yr) = 75.982
Time (yr) = 80.981
Time (yr) = 84.539
Time (yr) = 86.622
Time (yr) = 90.571
Time (yr) = 92.074
Time (yr) = 96.436
Time (yr) = 99.685
34147.024614 seconds (18.71 G allocations: 21.101 TiB, 2.23% gc time, 0.04% compilation time)


[36m[1m[ [22m[39m[36m[1mInfo: [22m[39mSimulation Complete!
