nohup: ignoring input
Total number of GLL nodes on fault: 481
Average node spacing: 100.0 m
ThickX: 24000.0 m
ThickY: 1500.0 m
dt: 0.011215780 s
The nucleation size of homogeneous medium:3688.5274616430042 m
The approximate nucleation size of damage zone medium:1229.5091538810013 m
The Cohesive zone size of homogeneous medium:238.3832923392739 m
alphaa = 0.65
alphaa = 0.65
Time (yr) = 5.3371e-07
Time (yr) = 23.534
Time (yr) = 31.162
Time (yr) = 33.716
Time (yr) = 33.864
Time (yr) = 33.864
Time (yr) = 33.864
Time (yr) = 33.864
Time (yr) = 33.864
alphaa = 0.65
alphaa = 0.65
alphaa = 0.65
alphaa = 0.65
Time (yr) = 33.864
alphaa = 0.65
alphaa = 0.65
Time (yr) = 33.864
alphaa = 0.65
alphaa = 0.65
Time (yr) = 33.864
alphaa = 0.65
alphaa = 0.65
alphaa = 0.65
Time (yr) = 33.864
alphaa = 0.65
Time (yr) = 33.864
Time (yr) = 33.864
alphaa = 0.65
Time (yr) = 33.864
alphaa = 0.65
Time (yr) = 33.864
Time (yr) = 33.864
Time (yr) = 33.864
Time (yr) = 33.864
Time (yr) = 33.864
Time (yr) = 33.864
Time (yr) = 33.864
alphaa = 0.65
Time (yr) = 33.864
Time (yr) = 33.865
Time (yr) = 39.243
Time (yr) = 45.494
Time (yr) = 45.894
Time (yr) = 49.862
Time (yr) = 50.388
Time (yr) = 56.215
Time (yr) = 56.217
Time (yr) = 57.655
Time (yr) = 57.84
Time (yr) = 66.716
Time (yr) = 67.092
Time (yr) = 67.18
Time (yr) = 67.18
Time (yr) = 67.18
alphaa = 0.65
Time (yr) = 67.18
Time (yr) = 67.18
Time (yr) = 67.18
Time (yr) = 67.18
Time (yr) = 67.18
Time (yr) = 67.18
Time (yr) = 67.18
Time (yr) = 67.18
alphaa = 0.65
Time (yr) = 67.18
Time (yr) = 67.18
Time (yr) = 67.18
alphaa = 0.65
Time (yr) = 67.18
Time (yr) = 67.18
alphaa = 0.65
Time (yr) = 67.18
Time (yr) = 67.18
Time (yr) = 67.18
alphaa = 0.65
Time (yr) = 67.18
alphaa = 0.65
Time (yr) = 67.18
Time (yr) = 67.18
Time (yr) = 67.194
Time (yr) = 75.251
Time (yr) = 75.253
Time (yr) = 75.255
Time (yr) = 75.255
alphaa = 0.65
Time (yr) = 75.255
Time (yr) = 75.255
Time (yr) = 78.217
Time (yr) = 82.027
Time (yr) = 83.102
Time (yr) = 89.037
Time (yr) = 89.038
Time (yr) = 89.038
Time (yr) = 89.038
Time (yr) = 89.038
Time (yr) = 89.038
Time (yr) = 89.038
Time (yr) = 89.038
Time (yr) = 89.038
alphaa = 0.65
alphaa = 0.65
alphaa = 0.65
Time (yr) = 89.038
Time (yr) = 89.038
Time (yr) = 89.038
Time (yr) = 89.038
Time (yr) = 89.038
Time (yr) = 89.038
Time (yr) = 89.038
Time (yr) = 89.038
alphaa = 0.65
Time (yr) = 89.038
Time (yr) = 89.038
Time (yr) = 89.038
Time (yr) = 89.038
Time (yr) = 89.038
Time (yr) = 89.038
Time (yr) = 89.038
alphaa = 0.65
Time (yr) = 89.038
Time (yr) = 89.038
Time (yr) = 93.544
Time (yr) = 98.137
Time (yr) = 101.79
Time (yr) = 105.9
Time (yr) = 108.65
Time (yr) = 110.79
Time (yr) = 115.79
Time (yr) = 117.61
Time (yr) = 117.79
Time (yr) = 117.79
alphaa = 0.65
Time (yr) = 117.79
Time (yr) = 117.79
alphaa = 0.65
Time (yr) = 117.79
Time (yr) = 120.12
Time (yr) = 125.44
Time (yr) = 125.56
alphaa = 0.65
Time (yr) = 125.56
Time (yr) = 130.45
Time (yr) = 131.58
Time (yr) = 136.76
Time (yr) = 137.25
Time (yr) = 141.6
Time (yr) = 143.67
Time (yr) = 145.75
Time (yr) = 150.61
Time (yr) = 150.76
Time (yr) = 152.54
Time (yr) = 159.49
Time (yr) = 159.67
Time (yr) = 160.09
Time (yr) = 167.69
Time (yr) = 168.18
Time (yr) = 172.17
Time (yr) = 176.39
Time (yr) = 176.39
Time (yr) = 176.45
Time (yr) = 178.86
Time (yr) = 184.3
Time (yr) = 186.74
Time (yr) = 187.69
Time (yr) = 192.5
Time (yr) = 192.52
Time (yr) = 196.81
Time (yr) = 196.83
Time (yr) = 196.83
alphaa = 0.65
alphaa = 0.65
Time (yr) = 196.83
Time (yr) = 196.83
Time (yr) = 196.83
Time (yr) = 196.83
Time (yr) = 196.83
Time (yr) = 196.83
alphaa = 0.65
Time (yr) = 196.83
alphaa = 0.65
Time (yr) = 196.83
Time (yr) = 196.83
Time (yr) = 196.83
alphaa = 0.65
Time (yr) = 196.83
Time (yr) = 196.83
Time (yr) = 196.83
Time (yr) = 201.58
Time (yr) = 201.98
Time (yr) = 204.26
Time (yr) = 209.57
Time (yr) = 212.92
Time (yr) = 213
Time (yr) = 213
alphaa = 0.65
Time (yr) = 213
Time (yr) = 213
Time (yr) = 213
Time (yr) = 215.43
Time (yr) = 221.38
Time (yr) = 222.5
Time (yr) = 225.38
Time (yr) = 225.79
Time (yr) = 232.03
Time (yr) = 232.03
Time (yr) = 232.03
Time (yr) = 232.03
alphaa = 0.65
Time (yr) = 232.03
Time (yr) = 232.03
alphaa = 0.65
Time (yr) = 232.03
Time (yr) = 232.03
Time (yr) = 232.03
alphaa = 0.65
Time (yr) = 232.03
Time (yr) = 232.03
alphaa = 0.65
Time (yr) = 232.03
Time (yr) = 232.03
alphaa = 0.65
Time (yr) = 232.03
Time (yr) = 232.03
alphaa = 0.65
Time (yr) = 232.03
alphaa = 0.65
Time (yr) = 232.03
Time (yr) = 232.03
Time (yr) = 232.38
Time (yr) = 235.85
Time (yr) = 243.22
Time (yr) = 243.35
Time (yr) = 243.35
Time (yr) = 243.35
Time (yr) = 243.35
Time (yr) = 243.35
alphaa = 0.65
Time (yr) = 243.35
alphaa = 0.65
Time (yr) = 243.35
Time (yr) = 243.35
Time (yr) = 243.35
alphaa = 0.65
Time (yr) = 243.35
Time (yr) = 243.35
Time (yr) = 243.35
alphaa = 0.65
Time (yr) = 243.35
Time (yr) = 243.35
alphaa = 0.65
Time (yr) = 243.35
Time (yr) = 243.35
Time (yr) = 243.35
Time (yr) = 243.35
Time (yr) = 243.35
Time (yr) = 243.35
alphaa = 0.65
Time (yr) = 243.35
Time (yr) = 243.35
Time (yr) = 243.35
Time (yr) = 243.35
Time (yr) = 243.35
alphaa = 0.65
Time (yr) = 243.35
Time (yr) = 243.35
Time (yr) = 243.35
Time (yr) = 243.75
Time (yr) = 243.98
Time (yr) = 251.43
Time (yr) = 251.49
Time (yr) = 255.93
Time (yr) = 257.76
Time (yr) = 260.43
Time (yr) = 261.34
Time (yr) = 266.36
Time (yr) = 266.36
Time (yr) = 266.76
Time (yr) = 269.83
Time (yr) = 276.69
Time (yr) = 276.9
Time (yr) = 276.9
Time (yr) = 277.84
Time (yr) = 284.93
Time (yr) = 285.35
Time (yr) = 288.67
Time (yr) = 293.24
Time (yr) = 293.42
Time (yr) = 294.56
Time (yr) = 296.86
53142.006674 seconds (3.50 G allocations: 33.349 TiB, 0.99% gc time, 0.02% compilation time)


[36m[1m[ [22m[39m[36m[1mInfo: [22m[39mSimulation Complete!
