nohup: ignoring input
Total number of GLL nodes on fault: 481
Average node spacing: 100.0 m
ThickX: 24000.0 m
ThickY: 1500.0 m
dt: 0.011215780 s
The nucleation size of homogeneous medium:3688.5274616430042 m
The approximate nucleation size of damage zone medium:1229.5091538810013 m
The Cohesive zone size of homogeneous medium:238.3832923392739 m
alphaa = 0.6
Time (yr) = 7.4233e-07
Time (yr) = 23.675
Time (yr) = 31.256
Time (yr) = 33.724
Time (yr) = 33.87
Time (yr) = 33.87
Time (yr) = 33.87
Time (yr) = 33.87
Time (yr) = 33.87
alphaa = 0.6
alphaa = 0.6
Time (yr) = 33.87
Time (yr) = 33.87
Time (yr) = 33.87
alphaa = 0.6
Time (yr) = 33.87
alphaa = 0.6
Time (yr) = 33.87
Time (yr) = 33.87
alphaa = 0.6
alphaa = 0.6
Time (yr) = 33.87
Time (yr) = 33.87
alphaa = 0.6
Time (yr) = 33.87
Time (yr) = 33.871
Time (yr) = 38.537
Time (yr) = 43.129
Time (yr) = 46.375
Time (yr) = 48.41
Time (yr) = 50.718
Time (yr) = 55.151
Time (yr) = 56.418
Time (yr) = 56.427
Time (yr) = 63.525
Time (yr) = 63.961
Time (yr) = 64.059
Time (yr) = 68.389
Time (yr) = 68.39
Time (yr) = 73.863
Time (yr) = 73.883
Time (yr) = 76.412
Time (yr) = 79.531
Time (yr) = 79.533
Time (yr) = 83.733
Time (yr) = 85.378
Time (yr) = 90.642
Time (yr) = 91.916
alphaa = 0.6
alphaa = 0.6
Time (yr) = 91.916
alphaa = 0.6
Time (yr) = 91.916
alphaa = 0.6
Time (yr) = 91.916
Time (yr) = 91.916
alphaa = 0.6
Time (yr) = 91.916
Time (yr) = 91.916
alphaa = 0.6
Time (yr) = 91.916
Time (yr) = 91.916
Time (yr) = 92.923
Time (yr) = 93.677
Time (yr) = 100.25
Time (yr) = 101.94
Time (yr) = 101.99
Time (yr) = 101.99
Time (yr) = 101.99
Time (yr) = 101.99
Time (yr) = 101.99
Time (yr) = 101.99
alphaa = 0.6
Time (yr) = 101.99
Time (yr) = 101.99
alphaa = 0.6
Time (yr) = 101.99
Time (yr) = 101.99
alphaa = 0.6
Time (yr) = 101.99
Time (yr) = 101.99
alphaa = 0.6
Time (yr) = 101.99
Time (yr) = 101.99
Time (yr) = 101.99
Time (yr) = 101.99
alphaa = 0.6
Time (yr) = 101.99
Time (yr) = 101.99
Time (yr) = 104.44
Time (yr) = 108.71
Time (yr) = 111.17
Time (yr) = 114.82
Time (yr) = 115.74
Time (yr) = 120.95
Time (yr) = 121
Time (yr) = 123.64
Time (yr) = 123.64
alphaa = 0.6
Time (yr) = 123.69
Time (yr) = 130.19
Time (yr) = 130.66
Time (yr) = 135.56
alphaa = 0.6
Time (yr) = 135.56
alphaa = 0.6
alphaa = 0.6
alphaa = 0.6
alphaa = 0.6
alphaa = 0.6
Time (yr) = 135.56
Time (yr) = 135.56
Time (yr) = 135.56
Time (yr) = 135.56
Time (yr) = 135.56
Time (yr) = 135.56
Time (yr) = 135.56
Time (yr) = 135.56
Time (yr) = 135.56
Time (yr) = 135.56
Time (yr) = 135.56
Time (yr) = 135.56
Time (yr) = 135.56
Time (yr) = 135.56
alphaa = 0.6
Time (yr) = 135.56
Time (yr) = 135.56
alphaa = 0.6
Time (yr) = 135.56
Time (yr) = 135.56
Time (yr) = 135.56
alphaa = 0.6
Time (yr) = 135.56
Time (yr) = 135.56
Time (yr) = 135.56
Time (yr) = 135.56
Time (yr) = 135.56
alphaa = 0.6
Time (yr) = 135.56
Time (yr) = 135.56
Time (yr) = 135.56
alphaa = 0.6
Time (yr) = 135.56
Time (yr) = 135.56
alphaa = 0.6
Time (yr) = 135.56
Time (yr) = 135.56
alphaa = 0.6
Time (yr) = 135.56
Time (yr) = 135.56
Time (yr) = 135.56
Time (yr) = 135.56
Time (yr) = 135.56
Time (yr) = 135.56
Time (yr) = 135.56
Time (yr) = 135.56
Time (yr) = 135.56
Time (yr) = 135.56
alphaa = 0.6
Time (yr) = 135.56
Time (yr) = 135.56
Time (yr) = 135.56
alphaa = 0.6
Time (yr) = 135.56
Time (yr) = 135.56
Time (yr) = 135.56
Time (yr) = 135.56
Time (yr) = 135.56
Time (yr) = 135.56
Time (yr) = 135.56
Time (yr) = 140.67
Time (yr) = 145.69
Time (yr) = 150.2
Time (yr) = 152.49
Time (yr) = 152.54
alphaa = 0.6
Time (yr) = 152.54
alphaa = 0.6
Time (yr) = 152.54
Time (yr) = 152.54
Time (yr) = 152.54
Time (yr) = 152.54
Time (yr) = 152.54
alphaa = 0.6
Time (yr) = 152.54
alphaa = 0.6
Time (yr) = 152.54
Time (yr) = 152.55
Time (yr) = 158.47
Time (yr) = 160.92
Time (yr) = 165.13
Time (yr) = 166.82
Time (yr) = 169.37
Time (yr) = 174.24
Time (yr) = 174.26
Time (yr) = 176.07
Time (yr) = 176.07
alphaa = 0.6
Time (yr) = 176.07
alphaa = 0.6
Time (yr) = 176.07
alphaa = 0.6
Time (yr) = 176.07
Time (yr) = 176.07
Time (yr) = 176.07
Time (yr) = 176.07
Time (yr) = 176.07
Time (yr) = 176.07
alphaa = 0.6
Time (yr) = 176.07
Time (yr) = 176.07
Time (yr) = 176.07
alphaa = 0.6
Time (yr) = 176.07
Time (yr) = 176.07
alphaa = 0.6
Time (yr) = 176.07
Time (yr) = 179.9
Time (yr) = 183.8
Time (yr) = 183.8
Time (yr) = 188.5
Time (yr) = 190.61
Time (yr) = 194.49
Time (yr) = 194.49
Time (yr) = 197.29
Time (yr) = 197.66
Time (yr) = 204.41
Time (yr) = 206.6
Time (yr) = 206.63
Time (yr) = 207.74
Time (yr) = 212.78
Time (yr) = 215.27
Time (yr) = 217.62
Time (yr) = 217.73
Time (yr) = 223.45
Time (yr) = 223.45
Time (yr) = 225.95
Time (yr) = 232.23
Time (yr) = 232.77
Time (yr) = 233.51
Time (yr) = 233.53
Time (yr) = 239.86
Time (yr) = 242.93
alphaa = 0.6
alphaa = 0.6
alphaa = 0.6
Time (yr) = 242.93
Time (yr) = 242.93
Time (yr) = 243.83
Time (yr) = 247.16
Time (yr) = 251.57
alphaa = 0.6
alphaa = 0.6
alphaa = 0.6
alphaa = 0.6
alphaa = 0.6
alphaa = 0.6
alphaa = 0.6
alphaa = 0.6
alphaa = 0.6
Time (yr) = 251.57
Time (yr) = 251.57
Time (yr) = 251.57
Time (yr) = 251.57
Time (yr) = 251.57
Time (yr) = 251.57
Time (yr) = 251.57
alphaa = 0.6
alphaa = 0.6
Time (yr) = 251.57
Time (yr) = 251.57
alphaa = 0.6
Time (yr) = 251.57
Time (yr) = 251.57
Time (yr) = 251.57
alphaa = 0.6
Time (yr) = 251.57
alphaa = 0.6
Time (yr) = 251.57
Time (yr) = 251.57
alphaa = 0.6
Time (yr) = 251.57
Time (yr) = 251.57
Time (yr) = 251.57
Time (yr) = 251.57
Time (yr) = 251.57
Time (yr) = 251.57
alphaa = 0.6
Time (yr) = 251.57
Time (yr) = 251.57
Time (yr) = 251.57
Time (yr) = 251.57
alphaa = 0.6
Time (yr) = 251.57
Time (yr) = 251.57
Time (yr) = 252.73
Time (yr) = 258.1
Time (yr) = 261.02
Time (yr) = 261.03
Time (yr) = 261.1
Time (yr) = 265.85
Time (yr) = 272.77
Time (yr) = 273.71
Time (yr) = 273.71
alphaa = 0.6
alphaa = 0.6
alphaa = 0.6
Time (yr) = 273.71
Time (yr) = 273.71
Time (yr) = 273.71
Time (yr) = 273.71
alphaa = 0.6
Time (yr) = 273.71
Time (yr) = 273.71
Time (yr) = 273.71
Time (yr) = 273.71
Time (yr) = 273.71
Time (yr) = 273.71
Time (yr) = 273.71
alphaa = 0.6
Time (yr) = 273.71
Time (yr) = 273.71
Time (yr) = 273.71
Time (yr) = 273.71
Time (yr) = 273.71
Time (yr) = 273.71
Time (yr) = 273.71
Time (yr) = 273.71
Time (yr) = 273.71
Time (yr) = 273.71
alphaa = 0.6
Time (yr) = 273.71
Time (yr) = 273.71
Time (yr) = 273.71
Time (yr) = 273.71
alphaa = 0.6
Time (yr) = 273.71
Time (yr) = 273.71
Time (yr) = 273.71
Time (yr) = 273.71
Time (yr) = 273.71
alphaa = 0.6
Time (yr) = 273.71
Time (yr) = 273.71
alphaa = 0.6
Time (yr) = 273.71
Time (yr) = 273.71
Time (yr) = 273.71
Time (yr) = 273.71
alphaa = 0.6
Time (yr) = 273.71
Time (yr) = 273.71
Time (yr) = 273.71
alphaa = 0.6
Time (yr) = 273.71
Time (yr) = 273.71
alphaa = 0.6
Time (yr) = 273.71
Time (yr) = 273.71
alphaa = 0.6
Time (yr) = 273.71
alphaa = 0.6
Time (yr) = 273.71
Time (yr) = 273.71
Time (yr) = 273.71
Time (yr) = 273.71
alphaa = 0.6
Time (yr) = 273.71
alphaa = 0.6
alphaa = 0.6
Time (yr) = 273.71
Time (yr) = 273.71
alphaa = 0.6
alphaa = 0.6
alphaa = 0.6
alphaa = 0.6
alphaa = 0.6
Time (yr) = 273.71
alphaa = 0.6
alphaa = 0.6
alphaa = 0.6
alphaa = 0.6
Time (yr) = 273.71
Time (yr) = 273.71
alphaa = 0.6
alphaa = 0.6
Time (yr) = 273.71
Time (yr) = 273.71
alphaa = 0.6
Time (yr) = 273.71
Time (yr) = 273.98
Time (yr) = 278.16
Time (yr) = 283.57
Time (yr) = 283.57
Time (yr) = 291.91
Time (yr) = 292.04
Time (yr) = 294.66
Time (yr) = 295.9
55823.273892 seconds (51.37 G allocations: 36.157 TiB, 1.12% gc time, 0.02% compilation time)


[36m[1m[ [22m[39m[36m[1mInfo: [22m[39mSimulation Complete!
