Fri Dec  1 17:58:00 EST 2023
2
julia running on 1*8 cores with 1 MPI-tasks and 8 threads
mpirun -n 1 --bind-to core --map-by node:PE=8 -report-bindings julia run.jl 2 velocity_ground.txt
tol: 1.0e-6
2
Doamin size factor: 0.25
Resolution: 32
Total simulation time(year): 300
Fault zone length(m): 0
Fault zone halfwidth(m): 0
Rigidity ratio of fault zone: 1.0
Coseismic reduction of rigidity ratio: 0.0
Effective normal stress(10MPa*multiple): 4
Coseismic b: 0.03
characteristic slip distance(m): 0.04
Evolution of state variable(2:aging, 3: slip):2
Output directory: /nfs/turbo/lsa-yiheh/yiheh-mistorage/pengz/data/wholespace/velocity_ground/0.25_32_300_0_0_1.0_0.0_4_0.5_0.04_2/
The shear modulus of hostrock is: 3.200113548e10
the dimension of stiffness for each element is(25, 25, 32000)
[0.077, 0.0769117448269587, 0.07674444444444445, 0.07657714406193017, 0.07648888888888888, 0.0764006337158476, 0.07623333333333333, 0.07606603295081907, 0.07597777777777778, 0.07588952260473648, 0.07572222222222222, 0.07555492183970795, 0.07546666666666667, 0.07537841149362537, 0.0752111111111111, 0.07504381072859684, 0.07495555555555555, 0.07486730038251427, 0.0747, 0.07453269961748574, 0.07444444444444444, 0.07435618927140315, 0.07418888888888889, 0.07402158850637462, 0.07393333333333332, 0.07384507816029204, 0.07367777777777777, 0.07351047739526351, 0.07342222222222222, 0.07333396704918094, 0.07316666666666666, 0.0729993662841524, 0.07291111111111111, 0.07282285593806982, 0.07265555555555556, 0.07248825517304129, 0.07239999999999999, 0.07231174482695871, 0.07214444444444444, 0.07197714406193018, 0.07188888888888889, 0.07180063371584759, 0.07163333333333333, 0.07146603295081906, 0.07137777777777778, 0.07128952260473648, 0.07112222222222223, 0.07095492183970796, 0.07086666666666666, 0.07077841149362538, 0.07061111111111111, 0.07044381072859685, 0.07035555555555556, 0.07026730038251426, 0.0701, 0.06993269961748573, 0.06984444444444445, 0.06975618927140315, 0.0695888888888889, 0.06942158850637462, 0.06933333333333333, 0.06924507816029205, 0.06907777777777778, 0.06891047739526351, 0.06882222222222223, 0.06873396704918093, 0.06856666666666666, 0.0683993662841524, 0.0683111111111111, 0.06822285593806982, 0.06805555555555555, 0.06788825517304128, 0.0678, 0.06771174482695871, 0.06754444444444443, 0.06737714406193018, 0.06728888888888888, 0.0672006337158476, 0.06703333333333333, 0.06686603295081907, 0.06677777777777777, 0.06668952260473648, 0.06652222222222222, 0.06635492183970795, 0.06626666666666667, 0.06617841149362538, 0.0660111111111111, 0.06584381072859685, 0.06575555555555555, 0.06566730038251425, 0.0655, 0.06533269961748574, 0.06524444444444444, 0.06515618927140315, 0.06498888888888889, 0.06482158850637462, 0.06473333333333334, 0.06464507816029204, 0.06447777777777777, 0.06431047739526351, 0.06422222222222222, 0.06413396704918092, 0.06396666666666667, 0.06379936628415239, 0.06371111111111111, 0.06362285593806982, 0.06345555555555556, 0.06328825517304129, 0.0632, 0.06311174482695871, 0.06294444444444444, 0.06277714406193018, 0.06268888888888889, 0.06260063371584759, 0.062433333333333334, 0.06226603295081907, 0.062177777777777776, 0.062089522604736484, 0.06192222222222222, 0.06175492183970795, 0.06166666666666667, 0.061578411493625376, 0.06141111111111111, 0.061243810728596845, 0.06115555555555555, 0.06106730038251426, 0.060899999999999996, 0.06073269961748573, 0.060644444444444445, 0.06055618927140315, 0.06038888888888889, 0.06022158850637462, 0.06013333333333333, 0.060045078160292045, 0.05987777777777778, 0.059710477395263514, 0.05962222222222222, 0.05953396704918093, 0.059366666666666665, 0.0591993662841524, 0.059111111111111114, 0.059022855938069815, 0.05885555555555555, 0.05868825517304129, 0.0586, 0.05851174482695871, 0.05834444444444444, 0.058177144061930176, 0.058088888888888884, 0.0580006337158476, 0.057833333333333334, 0.05766603295081907, 0.057577777777777776, 0.057489522604736484, 0.05732222222222222, 0.05715492183970795, 0.05706666666666667, 0.056978411493625376, 0.05681111111111111, 0.056643810728596845, 0.05655555555555555, 0.05646730038251427, 0.0563, 0.05613269961748574, 0.056044444444444445, 0.05595618927140315, 0.05578888888888889, 0.05562158850637462, 0.05553333333333334, 0.05544507816029204, 0.05527777777777777, 0.05511047739526351, 0.05502222222222222, 0.05493396704918093, 0.054766666666666665, 0.0545993662841524, 0.05451111111111111, 0.05442285593806982, 0.05425555555555556, 0.05408825517304129, 0.054, 0.05265314931576118, 0.0501, 0.04754685068423882, 0.0462, 0.044853149315761176, 0.0423, 0.03974685068423882, 0.038400000000000004, 0.037053149315761175, 0.0345, 0.03194685068423882, 0.0306, 0.029253149315761177, 0.0267, 0.024146850684238823, 0.0228, 0.021453149315761175, 0.0189, 0.01634685068423882, 0.015, 0.015, 0.015, 0.015, 0.015, 0.015, 0.015, 0.015, 0.015, 0.015, 0.015, 0.015, 0.015, 0.015, 0.015, 0.015, 0.015, 0.015, 0.015, 0.015, 0.015, 0.015, 0.015, 0.015, 0.015, 0.015, 0.015, 0.015, 0.015, 0.015, 0.015, 0.015, 0.015, 0.015, 0.015, 0.015, 0.015, 0.015, 0.015, 0.015, 0.015, 0.015, 0.015, 0.015, 0.015, 0.015, 0.015, 0.015, 0.015, 0.015, 0.015, 0.015, 0.015, 0.015, 0.015, 0.015, 0.015, 0.015, 0.015, 0.015, 0.015, 0.015, 0.015, 0.015, 0.015, 0.015, 0.015, 0.015, 0.015, 0.015, 0.015, 0.015, 0.015, 0.015, 0.015, 0.015, 0.015, 0.015, 0.015, 0.015, 0.015, 0.015, 0.015, 0.015, 0.015, 0.015, 0.015, 0.015, 0.015, 0.015, 0.015, 0.015, 0.015, 0.015, 0.015, 0.015, 0.015, 0.015, 0.015, 0.015, 0.015, 0.015, 0.015, 0.015, 0.015, 0.015, 0.015, 0.015, 0.015, 0.015, 0.015, 0.015, 0.015, 0.015, 0.015, 0.015, 0.015, 0.015, 0.015, 0.015, 0.015, 0.015, 0.015, 0.015, 0.015, 0.015, 0.015, 0.015, 0.015, 0.015, 0.015, 0.015, 0.015, 0.015, 0.015, 0.015, 0.015, 0.015, 0.015, 0.015, 0.015, 0.015, 0.015, 0.015, 0.015, 0.015, 0.015, 0.015, 0.015, 0.015, 0.015, 0.015, 0.015, 0.015, 0.015, 0.015, 0.015, 0.015, 0.015, 0.015, 0.015, 0.015, 0.015, 0.015, 0.015, 0.015, 0.015, 0.015, 0.015, 0.015, 0.015, 0.015, 0.015, 0.015, 0.015, 0.015, 0.015, 0.015, 0.015, 0.015, 0.015, 0.015, 0.015, 0.015, 0.015, 0.015, 0.015, 0.015, 0.015, 0.015, 0.015, 0.015, 0.015, 0.015, 0.015, 0.015, 0.015, 0.015, 0.015, 0.015, 0.015, 0.015, 0.015, 0.015, 0.015, 0.015, 0.015, 0.015, 0.015, 0.015, 0.015, 0.015, 0.015, 0.015, 0.015, 0.015, 0.015, 0.015, 0.015, 0.015, 0.015, 0.015, 0.015, 0.015, 0.015, 0.015, 0.015, 0.015, 0.015, 0.015, 0.015, 0.015, 0.015, 0.015, 0.015, 0.015, 0.015, 0.015, 0.015, 0.015, 0.015, 0.015, 0.015, 0.015, 0.015, 0.015, 0.015, 0.015, 0.015, 0.015, 0.015, 0.015, 0.015, 0.015, 0.015, 0.015, 0.015, 0.015, 0.015, 0.015, 0.015, 0.015, 0.015, 0.015, 0.015, 0.015, 0.015, 0.015, 0.015, 0.015, 0.015, 0.015, 0.015, 0.015, 0.015, 0.015, 0.015, 0.015, 0.015, 0.015, 0.015, 0.015, 0.015, 0.015, 0.015, 0.015, 0.015, 0.015, 0.015, 0.015, 0.015, 0.015, 0.015, 0.015, 0.015, 0.015, 0.015, 0.015, 0.015, 0.015, 0.015, 0.015, 0.015, 0.015, 0.015, 0.015, 0.015, 0.015, 0.015, 0.015, 0.015, 0.015, 0.015, 0.015, 0.015, 0.015, 0.015, 0.015, 0.015, 0.015, 0.015, 0.015, 0.015, 0.015, 0.015, 0.015, 0.015, 0.015, 0.015, 0.015, 0.015, 0.015, 0.015, 0.015, 0.015, 0.015, 0.015, 0.015, 0.015, 0.015, 0.015, 0.015, 0.015, 0.015, 0.015, 0.015, 0.015, 0.015, 0.015, 0.015, 0.015, 0.015, 0.015, 0.015, 0.015, 0.015, 0.015, 0.015, 0.015, 0.015, 0.015, 0.015, 0.015, 0.015, 0.015, 0.015, 0.015, 0.015, 0.015, 0.015, 0.015, 0.015, 0.015, 0.015, 0.015, 0.015, 0.015, 0.015, 0.015, 0.015, 0.015, 0.015, 0.015, 0.015, 0.015, 0.015, 0.015, 0.015, 0.015, 0.015, 0.015, 0.015, 0.015, 0.015, 0.015, 0.015, 0.015, 0.015, 0.015, 0.015, 0.015, 0.01634685068423882, 0.0189, 0.02145314931576118, 0.0228, 0.024146850684238823, 0.0267, 0.029253149315761177, 0.0306, 0.031946850684238824, 0.0345, 0.037053149315761175, 0.038400000000000004, 0.03974685068423882, 0.0423, 0.044853149315761176, 0.0462, 0.04754685068423882, 0.0501, 0.05265314931576118, 0.054, 0.05408825517304129, 0.05425555555555556, 0.05442285593806982, 0.05451111111111111, 0.054599366284152406, 0.05476666666666667, 0.05493396704918094, 0.05502222222222222, 0.055110477395263514, 0.05527777777777778, 0.055445078160292045, 0.05553333333333334, 0.05562158850637462, 0.05578888888888889, 0.05595618927140315, 0.056044444444444445, 0.05613269961748574, 0.0563, 0.05646730038251427, 0.05655555555555555, 0.056643810728596845, 0.05681111111111111, 0.056978411493625376, 0.05706666666666667, 0.05715492183970795, 0.05732222222222222, 0.057489522604736484, 0.05757777777777778, 0.05766603295081907, 0.057833333333333334, 0.0580006337158476, 0.05808888888888889, 0.05817714406193018, 0.05834444444444445, 0.058511744826958714, 0.0586, 0.05868825517304129, 0.05885555555555556, 0.05902285593806982, 0.059111111111111114, 0.0591993662841524, 0.059366666666666665, 0.05953396704918093, 0.05962222222222222, 0.059710477395263514, 0.05987777777777778, 0.060045078160292045, 0.06013333333333333, 0.06022158850637463, 0.06038888888888889, 0.06055618927140315, 0.060644444444444445, 0.06073269961748573, 0.060899999999999996, 0.06106730038251426, 0.06115555555555556, 0.061243810728596845, 0.06141111111111111, 0.061578411493625376, 0.06166666666666667, 0.06175492183970796, 0.061922222222222226, 0.06208952260473649, 0.062177777777777776, 0.06226603295081907, 0.062433333333333334, 0.06260063371584759, 0.06268888888888889, 0.06277714406193018, 0.06294444444444444, 0.06311174482695871, 0.0632, 0.06328825517304129, 0.06345555555555556, 0.06362285593806982, 0.06371111111111111, 0.06379936628415239, 0.06396666666666667, 0.06413396704918092, 0.06422222222222222, 0.06431047739526352, 0.06447777777777777, 0.06464507816029205, 0.06473333333333334, 0.06482158850637462, 0.06498888888888889, 0.06515618927140315, 0.06524444444444444, 0.06533269961748574, 0.0655, 0.06566730038251427, 0.06575555555555555, 0.06584381072859685, 0.0660111111111111, 0.06617841149362538, 0.06626666666666667, 0.06635492183970795, 0.06652222222222222, 0.06668952260473648, 0.06677777777777777, 0.06686603295081907, 0.06703333333333333, 0.0672006337158476, 0.0672888888888889, 0.06737714406193018, 0.06754444444444445, 0.06771174482695871, 0.0678, 0.06788825517304128, 0.06805555555555556, 0.06822285593806982, 0.06831111111111111, 0.0683993662841524, 0.06856666666666666, 0.06873396704918093, 0.06882222222222223, 0.06891047739526351, 0.06907777777777778, 0.06924507816029205, 0.06933333333333333, 0.06942158850637462, 0.0695888888888889, 0.06975618927140315, 0.06984444444444445, 0.06993269961748574, 0.0701, 0.07026730038251426, 0.07035555555555556, 0.07044381072859685, 0.07061111111111111, 0.07077841149362538, 0.07086666666666666, 0.07095492183970796, 0.07112222222222223, 0.07128952260473648, 0.07137777777777778, 0.07146603295081908, 0.07163333333333333, 0.0718006337158476, 0.07188888888888889, 0.07197714406193018, 0.07214444444444444, 0.07231174482695871, 0.07239999999999999, 0.07248825517304129, 0.07265555555555556, 0.07282285593806982, 0.07291111111111111, 0.0729993662841524, 0.07316666666666666, 0.07333396704918094, 0.07342222222222222, 0.07351047739526351, 0.07367777777777779, 0.07384507816029204, 0.07393333333333332, 0.07402158850637462, 0.07418888888888889, 0.07435618927140315, 0.07444444444444445, 0.07453269961748574, 0.0747, 0.07486730038251427, 0.07495555555555555, 0.07504381072859684, 0.07521111111111112, 0.07537841149362537, 0.07546666666666667, 0.07555492183970795, 0.07572222222222222, 0.07588952260473648, 0.07597777777777778, 0.07606603295081907, 0.07623333333333333, 0.0764006337158476, 0.07648888888888888, 0.07657714406193017, 0.07674444444444445, 0.0769117448269587, 0.077]
[0.03, 0.03, 0.03, 0.03, 0.03, 0.03, 0.03, 0.03, 0.03, 0.03, 0.03, 0.03, 0.03, 0.03, 0.03, 0.03, 0.03, 0.03, 0.03, 0.03, 0.03, 0.03, 0.03, 0.03, 0.03, 0.03, 0.03, 0.03, 0.03, 0.03, 0.03, 0.03, 0.03, 0.03, 0.03, 0.03, 0.03, 0.03, 0.03, 0.03, 0.03, 0.03, 0.03, 0.03, 0.03, 0.03, 0.03, 0.03, 0.03, 0.03, 0.03, 0.03, 0.03, 0.03, 0.03, 0.03, 0.03, 0.03, 0.03, 0.03, 0.03, 0.03, 0.03, 0.03, 0.03, 0.03, 0.03, 0.03, 0.03, 0.03, 0.03, 0.03, 0.03, 0.03, 0.03, 0.03, 0.03, 0.03, 0.03, 0.03, 0.03, 0.03, 0.03, 0.03, 0.03, 0.03, 0.03, 0.03, 0.03, 0.03, 0.03, 0.03, 0.03, 0.03, 0.03, 0.03, 0.03, 0.03, 0.03, 0.03, 0.03, 0.03, 0.03, 0.03, 0.03, 0.03, 0.03, 0.03, 0.03, 0.03, 0.03, 0.03, 0.03, 0.03, 0.03, 0.03, 0.03, 0.03, 0.03, 0.03, 0.03, 0.03, 0.03, 0.03, 0.03, 0.03, 0.03, 0.03, 0.03, 0.03, 0.03, 0.03, 0.03, 0.03, 0.03, 0.03, 0.03, 0.03, 0.03, 0.03, 0.03, 0.03, 0.03, 0.03, 0.03, 0.03, 0.03, 0.03, 0.03, 0.03, 0.03, 0.03, 0.03, 0.03, 0.03, 0.03, 0.03, 0.03, 0.03, 0.03, 0.03, 0.03, 0.03, 0.03, 0.03, 0.03, 0.03, 0.03, 0.03, 0.03, 0.03, 0.03, 0.03, 0.03, 0.03, 0.03, 0.03, 0.03, 0.03, 0.03, 0.03, 0.03, 0.03, 0.03, 0.03, 0.03, 0.03, 0.03, 0.03, 0.03, 0.03, 0.03, 0.03, 0.03, 0.03, 0.03, 0.03, 0.03, 0.03, 0.03, 0.03, 0.03, 0.03, 0.03, 0.03, 0.03, 0.03, 0.03, 0.03, 0.03, 0.03, 0.03, 0.03, 0.03, 0.03, 0.03, 0.03, 0.03, 0.03, 0.03, 0.03, 0.03, 0.03, 0.03, 0.03, 0.03, 0.03, 0.03, 0.03, 0.03, 0.03, 0.03, 0.03, 0.03, 0.03, 0.03, 0.03, 0.03, 0.03, 0.03, 0.03, 0.03, 0.03, 0.03, 0.03, 0.03, 0.03, 0.03, 0.03, 0.03, 0.03, 0.03, 0.03, 0.03, 0.03, 0.03, 0.03, 0.03, 0.03, 0.03, 0.03, 0.03, 0.03, 0.03, 0.03, 0.03, 0.03, 0.03, 0.03, 0.03, 0.03, 0.03, 0.03, 0.03, 0.03, 0.03, 0.03, 0.03, 0.03, 0.03, 0.03, 0.03, 0.03, 0.03, 0.03, 0.03, 0.03, 0.03, 0.03, 0.03, 0.03, 0.03, 0.03, 0.03, 0.03, 0.03, 0.03, 0.03, 0.03, 0.03, 0.03, 0.03, 0.03, 0.03, 0.03, 0.03, 0.03, 0.03, 0.03, 0.03, 0.03, 0.03, 0.03, 0.03, 0.03, 0.03, 0.03, 0.03, 0.03, 0.03, 0.03, 0.03, 0.03, 0.03, 0.03, 0.03, 0.03, 0.03, 0.03, 0.03, 0.03, 0.03, 0.03, 0.03, 0.03, 0.03, 0.03, 0.03, 0.03, 0.03, 0.03, 0.03, 0.03, 0.03, 0.03, 0.03, 0.03, 0.03, 0.03, 0.03, 0.03, 0.03, 0.03, 0.03, 0.03, 0.03, 0.03, 0.03, 0.03, 0.03, 0.03, 0.03, 0.03, 0.03, 0.03, 0.03, 0.03, 0.03, 0.03, 0.03, 0.03, 0.03, 0.03, 0.03, 0.03, 0.03, 0.03, 0.03, 0.03, 0.03, 0.03, 0.03, 0.03, 0.03, 0.03, 0.03, 0.03, 0.03, 0.03, 0.03, 0.03, 0.03, 0.03, 0.03, 0.03, 0.03, 0.03, 0.03, 0.03, 0.03, 0.03, 0.03, 0.03, 0.03, 0.03, 0.03, 0.03, 0.03, 0.03, 0.03, 0.03, 0.03, 0.03, 0.03, 0.03, 0.03, 0.03, 0.03, 0.03, 0.03, 0.03, 0.03, 0.03, 0.03, 0.03, 0.03, 0.03, 0.03, 0.03, 0.03, 0.03, 0.03, 0.03, 0.03, 0.03, 0.03, 0.03, 0.03, 0.03, 0.03, 0.03, 0.03, 0.03, 0.03, 0.03, 0.03, 0.03, 0.03, 0.03, 0.03, 0.03, 0.03, 0.03, 0.03, 0.03, 0.03, 0.03, 0.03, 0.03, 0.03, 0.03, 0.03, 0.03, 0.03, 0.03, 0.03, 0.03, 0.03, 0.03, 0.03, 0.03, 0.03, 0.03, 0.03, 0.03, 0.03, 0.03, 0.03, 0.03, 0.03, 0.03, 0.03, 0.03, 0.03, 0.03, 0.03, 0.03, 0.03, 0.03, 0.03, 0.03, 0.03, 0.03, 0.03, 0.03, 0.03, 0.03, 0.03, 0.03, 0.03, 0.03, 0.03, 0.03, 0.03, 0.03, 0.03, 0.03, 0.03, 0.03, 0.03, 0.03, 0.03, 0.03, 0.03, 0.03, 0.03, 0.03, 0.03, 0.03, 0.03, 0.03, 0.03, 0.03, 0.03, 0.03, 0.03, 0.03, 0.03, 0.03, 0.03, 0.03, 0.03, 0.03, 0.03, 0.03, 0.03, 0.03, 0.03, 0.03, 0.03, 0.03, 0.03, 0.03, 0.03, 0.03, 0.03, 0.03, 0.03, 0.03, 0.03, 0.03, 0.03, 0.03, 0.03, 0.03, 0.03, 0.03, 0.03, 0.03, 0.03, 0.03, 0.03, 0.03, 0.03, 0.03, 0.03, 0.03, 0.03, 0.03, 0.03, 0.03, 0.03, 0.03, 0.03, 0.03, 0.03, 0.03, 0.03, 0.03, 0.03, 0.03, 0.03, 0.03, 0.03, 0.03, 0.03, 0.03, 0.03, 0.03, 0.03, 0.03, 0.03, 0.03, 0.03, 0.03, 0.03, 0.03, 0.03, 0.03, 0.03, 0.03, 0.03, 0.03, 0.03, 0.03, 0.03, 0.03, 0.03, 0.03, 0.03, 0.03, 0.03, 0.03, 0.03, 0.03, 0.03, 0.03, 0.03, 0.03, 0.03, 0.03, 0.03, 0.03, 0.03, 0.03, 0.03, 0.03, 0.03, 0.03, 0.03, 0.03, 0.03, 0.03, 0.03, 0.03, 0.03, 0.03, 0.03, 0.03, 0.03, 0.03, 0.03, 0.03, 0.03, 0.03, 0.03, 0.03, 0.03, 0.03, 0.03, 0.03, 0.03, 0.03, 0.03, 0.03, 0.03, 0.03, 0.03, 0.03, 0.03, 0.03, 0.03, 0.03, 0.03, 0.03, 0.03, 0.03, 0.03, 0.03, 0.03, 0.03, 0.03, 0.03, 0.03, 0.03, 0.03, 0.03, 0.03, 0.03, 0.03, 0.03, 0.03, 0.03, 0.03, 0.03, 0.03, 0.03, 0.03, 0.03, 0.03, 0.03, 0.03, 0.03, 0.03, 0.03, 0.03, 0.03, 0.03, 0.03, 0.03, 0.03, 0.03, 0.03, 0.03, 0.03, 0.03, 0.03, 0.03, 0.03, 0.03, 0.03, 0.03, 0.03, 0.03, 0.03, 0.03, 0.03, 0.03, 0.03, 0.03, 0.03, 0.03, 0.03, 0.03, 0.03, 0.03, 0.03, 0.03, 0.03, 0.03, 0.03, 0.03, 0.03, 0.03, 0.03, 0.03, 0.03, 0.03, 0.03, 0.03, 0.03, 0.03, 0.03, 0.03, 0.03, 0.03, 0.03, 0.03, 0.03, 0.03, 0.03, 0.03, 0.03, 0.03, 0.03, 0.03, 0.03, 0.03, 0.03, 0.03, 0.03, 0.03, 0.03, 0.03, 0.03, 0.03, 0.03, 0.03, 0.03, 0.03, 0.03, 0.03, 0.03, 0.03, 0.03, 0.03, 0.03, 0.03, 0.03, 0.03, 0.03, 0.03, 0.03, 0.03, 0.03, 0.03, 0.03, 0.03, 0.03, 0.03, 0.03, 0.03, 0.03, 0.03, 0.03, 0.03, 0.03, 0.03, 0.03, 0.03, 0.03]
[0.047, 0.04691174482695871, 0.04674444444444444, 0.04657714406193018, 0.046488888888888885, 0.0464006337158476, 0.046233333333333335, 0.04606603295081907, 0.04597777777777778, 0.045889522604736485, 0.04572222222222222, 0.045554921839707954, 0.04546666666666667, 0.04537841149362537, 0.045211111111111105, 0.045043810728596846, 0.044955555555555554, 0.04486730038251426, 0.044700000000000004, 0.04453269961748574, 0.04444444444444444, 0.044356189271403154, 0.04418888888888889, 0.04402158850637462, 0.04393333333333333, 0.04384507816029204, 0.043677777777777774, 0.04351047739526351, 0.04342222222222222, 0.04333396704918093, 0.043166666666666666, 0.0429993662841524, 0.04291111111111111, 0.04282285593806982, 0.04265555555555556, 0.04248825517304129, 0.0424, 0.04231174482695871, 0.04214444444444444, 0.04197714406193018, 0.04188888888888889, 0.04180063371584759, 0.04163333333333333, 0.04146603295081906, 0.04137777777777778, 0.041289522604736485, 0.04112222222222222, 0.04095492183970796, 0.04086666666666666, 0.04077841149362538, 0.04061111111111111, 0.040443810728596846, 0.040355555555555554, 0.04026730038251426, 0.0401, 0.03993269961748573, 0.039844444444444446, 0.039756189271403154, 0.03958888888888889, 0.03942158850637462, 0.03933333333333333, 0.039245078160292046, 0.03907777777777778, 0.038910477395263515, 0.03882222222222222, 0.03873396704918093, 0.038566666666666666, 0.0383993662841524, 0.03831111111111111, 0.038222855938069816, 0.03805555555555555, 0.037888255173041285, 0.0378, 0.03771174482695871, 0.03754444444444444, 0.03737714406193018, 0.037288888888888885, 0.0372006337158476, 0.037033333333333335, 0.03686603295081907, 0.03677777777777778, 0.036689522604736485, 0.03652222222222222, 0.036354921839707954, 0.03626666666666667, 0.03617841149362538, 0.03601111111111111, 0.035843810728596846, 0.035755555555555554, 0.03566730038251426, 0.035500000000000004, 0.03533269961748574, 0.035244444444444446, 0.035156189271403154, 0.03498888888888889, 0.03482158850637462, 0.03473333333333333, 0.03464507816029204, 0.034477777777777774, 0.03431047739526351, 0.03422222222222222, 0.03413396704918093, 0.033966666666666666, 0.0337993662841524, 0.03371111111111111, 0.03362285593806982, 0.03345555555555556, 0.03328825517304129, 0.0332, 0.03311174482695871, 0.03294444444444444, 0.03277714406193018, 0.03268888888888889, 0.0326006337158476, 0.032433333333333335, 0.03226603295081907, 0.03217777777777778, 0.032089522604736485, 0.03192222222222222, 0.031754921839707954, 0.03166666666666667, 0.03157841149362538, 0.03141111111111111, 0.031243810728596846, 0.031155555555555554, 0.031067300382514266, 0.0309, 0.030732699617485735, 0.030644444444444446, 0.030556189271403154, 0.03038888888888889, 0.030221588506374623, 0.03013333333333333, 0.030045078160292043, 0.029877777777777777, 0.029710477395263512, 0.029622222222222223, 0.02953396704918093, 0.029366666666666666, 0.0291993662841524, 0.029111111111111112, 0.02902285593806982, 0.028855555555555554, 0.028688255173041292, 0.0286, 0.02851174482695871, 0.028344444444444443, 0.028177144061930177, 0.02808888888888889, 0.0280006337158476, 0.027833333333333335, 0.02766603295081907, 0.027577777777777777, 0.02748952260473649, 0.027322222222222223, 0.027154921839707958, 0.027066666666666666, 0.026978411493625377, 0.026811111111111112, 0.026643810728596846, 0.026555555555555554, 0.026467300382514266, 0.0263, 0.026132699617485735, 0.026044444444444446, 0.025956189271403154, 0.02578888888888889, 0.025621588506374623, 0.025533333333333335, 0.025445078160292043, 0.025277777777777777, 0.025110477395263512, 0.025022222222222223, 0.02493396704918093, 0.024766666666666666, 0.0245993662841524, 0.024511111111111112, 0.02442285593806982, 0.024255555555555555, 0.024088255173041292, 0.024, 0.02265314931576118, 0.0201, 0.01754685068423882, 0.0162, 0.014853149315761177, 0.012299999999999998, 0.009746850684238823, 0.008400000000000001, 0.007053149315761176, 0.0045000000000000005, 0.0019468506842388218, 0.0005999999999999998, -0.0007468506842388221, -0.003299999999999999, -0.005853149315761176, -0.0072, -0.008546850684238824, -0.011099999999999999, -0.013653149315761176, -0.015, -0.015, -0.015, -0.015, -0.015, -0.015, -0.015, -0.015, -0.015, -0.015, -0.015, -0.015, -0.015, -0.015, -0.015, -0.015, -0.015, -0.015, -0.015, -0.015, -0.015, -0.015, -0.015, -0.015, -0.015, -0.015, -0.015, -0.015, -0.015, -0.015, -0.015, -0.015, -0.015, -0.015, -0.015, -0.015, -0.015, -0.015, -0.015, -0.015, -0.015, -0.015, -0.015, -0.015, -0.015, -0.015, -0.015, -0.015, -0.015, -0.015, -0.015, -0.015, -0.015, -0.015, -0.015, -0.015, -0.015, -0.015, -0.015, -0.015, -0.015, -0.015, -0.015, -0.015, -0.015, -0.015, -0.015, -0.015, -0.015, -0.015, -0.015, -0.015, -0.015, -0.015, -0.015, -0.015, -0.015, -0.015, -0.015, -0.015, -0.015, -0.015, -0.015, -0.015, -0.015, -0.015, -0.015, -0.015, -0.015, -0.015, -0.015, -0.015, -0.015, -0.015, -0.015, -0.015, -0.015, -0.015, -0.015, -0.015, -0.015, -0.015, -0.015, -0.015, -0.015, -0.015, -0.015, -0.015, -0.015, -0.015, -0.015, -0.015, -0.015, -0.015, -0.015, -0.015, -0.015, -0.015, -0.015, -0.015, -0.015, -0.015, -0.015, -0.015, -0.015, -0.015, -0.015, -0.015, -0.015, -0.015, -0.015, -0.015, -0.015, -0.015, -0.015, -0.015, -0.015, -0.015, -0.015, -0.015, -0.015, -0.015, -0.015, -0.015, -0.015, -0.015, -0.015, -0.015, -0.015, -0.015, -0.015, -0.015, -0.015, -0.015, -0.015, -0.015, -0.015, -0.015, -0.015, -0.015, -0.015, -0.015, -0.015, -0.015, -0.015, -0.015, -0.015, -0.015, -0.015, -0.015, -0.015, -0.015, -0.015, -0.015, -0.015, -0.015, -0.015, -0.015, -0.015, -0.015, -0.015, -0.015, -0.015, -0.015, -0.015, -0.015, -0.015, -0.015, -0.015, -0.015, -0.015, -0.015, -0.015, -0.015, -0.015, -0.015, -0.015, -0.015, -0.015, -0.015, -0.015, -0.015, -0.015, -0.015, -0.015, -0.015, -0.015, -0.015, -0.015, -0.015, -0.015, -0.015, -0.015, -0.015, -0.015, -0.015, -0.015, -0.015, -0.015, -0.015, -0.015, -0.015, -0.015, -0.015, -0.015, -0.015, -0.015, -0.015, -0.015, -0.015, -0.015, -0.015, -0.015, -0.015, -0.015, -0.015, -0.015, -0.015, -0.015, -0.015, -0.015, -0.015, -0.015, -0.015, -0.015, -0.015, -0.015, -0.015, -0.015, -0.015, -0.015, -0.015, -0.015, -0.015, -0.015, -0.015, -0.015, -0.015, -0.015, -0.015, -0.015, -0.015, -0.015, -0.015, -0.015, -0.015, -0.015, -0.015, -0.015, -0.015, -0.015, -0.015, -0.015, -0.015, -0.015, -0.015, -0.015, -0.015, -0.015, -0.015, -0.015, -0.015, -0.015, -0.015, -0.015, -0.015, -0.015, -0.015, -0.015, -0.015, -0.015, -0.015, -0.015, -0.015, -0.015, -0.015, -0.015, -0.015, -0.015, -0.015, -0.015, -0.015, -0.015, -0.015, -0.015, -0.015, -0.015, -0.015, -0.015, -0.015, -0.015, -0.015, -0.015, -0.015, -0.015, -0.015, -0.015, -0.015, -0.015, -0.015, -0.015, -0.015, -0.015, -0.015, -0.015, -0.015, -0.015, -0.015, -0.015, -0.015, -0.015, -0.015, -0.015, -0.015, -0.015, -0.015, -0.015, -0.015, -0.015, -0.015, -0.015, -0.015, -0.015, -0.015, -0.015, -0.015, -0.015, -0.015, -0.015, -0.015, -0.015, -0.015, -0.015, -0.015, -0.015, -0.015, -0.015, -0.015, -0.015, -0.015, -0.015, -0.015, -0.015, -0.015, -0.015, -0.015, -0.015, -0.015, -0.015, -0.015, -0.015, -0.015, -0.015, -0.015, -0.015, -0.015, -0.015, -0.015, -0.015, -0.015, -0.015, -0.015, -0.015, -0.015, -0.015, -0.015, -0.015, -0.015, -0.015, -0.015, -0.015, -0.015, -0.015, -0.015, -0.015, -0.015, -0.015, -0.015, -0.015, -0.015, -0.015, -0.013653149315761177, -0.011099999999999999, -0.00854685068423882, -0.007199999999999998, -0.005853149315761176, -0.0032999999999999974, -0.0007468506842388221, 0.0005999999999999998, 0.0019468506842388253, 0.0045000000000000005, 0.007053149315761179, 0.008400000000000001, 0.009746850684238823, 0.0123, 0.014853149315761177, 0.0162, 0.017546850684238825, 0.0201, 0.02265314931576118, 0.024, 0.024088255173041292, 0.024255555555555558, 0.024422855938069823, 0.024511111111111112, 0.024599366284152404, 0.02476666666666667, 0.024933967049180935, 0.025022222222222223, 0.025110477395263515, 0.02527777777777778, 0.025445078160292046, 0.025533333333333335, 0.025621588506374627, 0.025788888888888892, 0.025956189271403154, 0.026044444444444446, 0.02613269961748574, 0.0263, 0.026467300382514266, 0.026555555555555558, 0.026643810728596846, 0.026811111111111112, 0.026978411493625377, 0.02706666666666667, 0.027154921839707958, 0.027322222222222223, 0.02748952260473649, 0.02757777777777778, 0.02766603295081907, 0.027833333333333335, 0.0280006337158476, 0.028088888888888892, 0.02817714406193018, 0.028344444444444446, 0.028511744826958712, 0.0286, 0.028688255173041292, 0.028855555555555558, 0.029022855938069823, 0.029111111111111112, 0.029199366284152404, 0.02936666666666667, 0.029533967049180935, 0.029622222222222223, 0.029710477395263515, 0.02987777777777778, 0.030045078160292043, 0.030133333333333335, 0.030221588506374627, 0.03038888888888889, 0.030556189271403154, 0.030644444444444446, 0.030732699617485735, 0.0309, 0.031067300382514266, 0.031155555555555558, 0.031243810728596846, 0.03141111111111111, 0.03157841149362538, 0.03166666666666667, 0.03175492183970796, 0.03192222222222223, 0.03208952260473649, 0.03217777777777778, 0.03226603295081907, 0.032433333333333335, 0.0326006337158476, 0.03268888888888889, 0.03277714406193018, 0.03294444444444444, 0.03311174482695871, 0.0332, 0.03328825517304129, 0.03345555555555556, 0.03362285593806982, 0.03371111111111111, 0.0337993662841524, 0.033966666666666666, 0.03413396704918093, 0.03422222222222222, 0.034310477395263515, 0.03447777777777778, 0.034645078160292046, 0.03473333333333334, 0.03482158850637462, 0.03498888888888889, 0.035156189271403154, 0.035244444444444446, 0.03533269961748574, 0.035500000000000004, 0.03566730038251427, 0.035755555555555554, 0.035843810728596846, 0.03601111111111111, 0.03617841149362538, 0.03626666666666667, 0.036354921839707954, 0.03652222222222222, 0.036689522604736485, 0.03677777777777778, 0.03686603295081907, 0.037033333333333335, 0.0372006337158476, 0.03728888888888889, 0.037377144061930184, 0.03754444444444445, 0.03771174482695871, 0.0378, 0.03788825517304129, 0.03805555555555556, 0.03822285593806982, 0.038311111111111115, 0.0383993662841524, 0.038566666666666666, 0.03873396704918093, 0.03882222222222222, 0.038910477395263515, 0.03907777777777778, 0.039245078160292046, 0.03933333333333333, 0.03942158850637462, 0.03958888888888889, 0.039756189271403154, 0.039844444444444446, 0.03993269961748574, 0.040100000000000004, 0.04026730038251426, 0.040355555555555554, 0.040443810728596846, 0.04061111111111111, 0.04077841149362538, 0.04086666666666667, 0.04095492183970796, 0.04112222222222223, 0.041289522604736485, 0.04137777777777778, 0.04146603295081907, 0.041633333333333335, 0.0418006337158476, 0.04188888888888889, 0.04197714406193018, 0.04214444444444444, 0.04231174482695871, 0.0424, 0.04248825517304129, 0.04265555555555556, 0.04282285593806982, 0.04291111111111111, 0.0429993662841524, 0.043166666666666666, 0.04333396704918093, 0.04342222222222222, 0.043510477395263515, 0.04367777777777778, 0.043845078160292046, 0.04393333333333333, 0.04402158850637462, 0.04418888888888889, 0.044356189271403154, 0.044444444444444446, 0.04453269961748574, 0.044700000000000004, 0.04486730038251427, 0.044955555555555554, 0.045043810728596846, 0.04521111111111111, 0.04537841149362538, 0.04546666666666667, 0.045554921839707954, 0.04572222222222222, 0.045889522604736485, 0.04597777777777778, 0.04606603295081907, 0.046233333333333335, 0.0464006337158476, 0.04648888888888889, 0.04657714406193018, 0.04674444444444444, 0.04691174482695871, 0.047]
idx_1=125
idx_2=875
[1, 2, 3, 4, 5, 5, 26, 27, 28, 29, 29, 46, 47, 48, 49, 49, 66, 67, 68, 69, 69, 86, 87, 88, 89, 89, 106, 107, 108, 109, 109, 126, 127, 128, 129, 129, 146, 147, 148, 149, 149, 166, 167, 168, 169, 169, 186, 187, 188, 189, 189, 206, 207, 208, 209, 209, 226, 227, 228, 229, 229, 246, 247, 248, 249, 249, 266, 267, 268, 269, 269, 286, 287, 288, 289, 289, 306, 307, 308, 309, 309, 326, 327, 328, 329, 329, 346, 347, 348, 349, 349, 366, 367, 368, 369, 369, 386, 387, 388, 389, 389, 406, 407, 408, 409, 409, 426, 427, 428, 429, 429, 446, 447, 448, 449, 449, 466, 467, 468, 469, 469, 486, 487, 488, 489]
[3489, 3489, 3506, 3507, 3508, 3509, 3509, 3526, 3527, 3528, 3529, 3529, 3546, 3547, 3548, 3549, 3549, 3566, 3567, 3568, 3569, 3569, 3586, 3587, 3588, 3589, 3589, 3606, 3607, 3608, 3609, 3609, 3626, 3627, 3628, 3629, 3629, 3646, 3647, 3648, 3649, 3649, 3666, 3667, 3668, 3669, 3669, 3686, 3687, 3688, 3689, 3689, 3706, 3707, 3708, 3709, 3709, 3726, 3727, 3728, 3729, 3729, 3746, 3747, 3748, 3749, 3749, 3766, 3767, 3768, 3769, 3769, 3786, 3787, 3788, 3789, 3789, 3806, 3807, 3808, 3809, 3809, 3826, 3827, 3828, 3829, 3829, 3846, 3847, 3848, 3849, 3849, 3866, 3867, 3868, 3869, 3869, 3886, 3887, 3888, 3889, 3889, 3906, 3907, 3908, 3909, 3909, 3926, 3927, 3928, 3929, 3929, 3946, 3947, 3948, 3949, 3949, 3966, 3967, 3968, 3969, 3969, 3986, 3987, 3988, 3989]
Total number of GLL nodes on fault: 801
Average node spacing on fault: 12.5 m
ThickX: 5000.0 m
ThickY: 0.0 m
dt: 0.001496301 s
The nucleation size of homogeneous host medium:2716.340744637564 m
The nucleation size of homogeneous damage medium:2716.340744637564 m
sigma=4.0e7  mu=3.200113548e10  L=0.04  b=0.03
The downlimit (damage) Cohesive zone size:942.5112387234344 m
[1, 2, 3, 4, 5, 6, 7, 8, 9, 10, 11, 12, 13, 14, 15, 16, 17, 18, 19, 20, 21, 22, 23, 24, 25, 26, 27, 28, 29, 30, 31, 32, 33, 34, 35, 36, 37, 38, 39, 40, 41, 42, 43, 44, 45, 46, 47, 48, 49, 50, 51, 52, 53, 54, 55, 56, 57, 58, 59, 60, 61, 62, 63, 64, 65, 66, 67, 68, 69, 70, 71, 72, 73, 74, 75, 76, 77, 78, 79, 80, 81, 82, 83, 84, 85, 86, 87, 88, 89, 90, 91, 92, 93, 94, 95, 96, 97, 98, 99, 100, 702, 703, 704, 705, 706, 707, 708, 709, 710, 711, 712, 713, 714, 715, 716, 717, 718, 719, 720, 721, 722, 723, 724, 725, 726, 727, 728, 729, 730, 731, 732, 733, 734, 735, 736, 737, 738, 739, 740, 741, 742, 743, 744, 745, 746, 747, 748, 749, 750, 751, 752, 753, 754, 755, 756, 757, 758, 759, 760, 761, 762, 763, 764, 765, 766, 767, 768, 769, 770, 771, 772, 773, 774, 775, 776, 777, 778, 779, 780, 781, 782, 783, 784, 785, 786, 787, 788, 789, 790, 791, 792, 793, 794, 795, 796, 797, 798, 799, 800, 801]
Index of nodes in weakening zone:[101, 701]
AlgebraicMultigrid.Preconditioner{AlgebraicMultigrid.MultiLevel{AlgebraicMultigrid.Pinv{Float64}, GaussSeidel{SymmetricSweep}, GaussSeidel{SymmetricSweep}, SparseMatrixCSC{Float64, Int64}, Adjoint{Float64, SparseMatrixCSC{Float64, Int64}}, SparseMatrixCSC{Float64, Int64}, AlgebraicMultigrid.MultiLevelWorkspace{Vector{Float64}, 1}}, AlgebraicMultigrid.V}(Multilevel Solver
-----------------
Operator Complexity: 2.73
Grid Complexity: 1.667
No. of Levels: 10
Coarse Solver: Pinv
Level     Unknowns     NonZeros
-----     --------     --------
    1       512640      5629432 [36.63%]
    2       256318      7767978 [50.54%]
    3        64159      1457495 [ 9.48%]
    4        16053       392311 [ 2.55%]
    5         4007        94355 [ 0.61%]
    6          992        21126 [ 0.14%]
    7          248         4714 [ 0.03%]
    8           63          989 [ 0.01%]
    9           16          156 [ 0.00%]
   10            5           25 [ 0.00%]
, :zero, AlgebraicMultigrid.V())
alpha_after=1.0
Start of dynamic solution

Time (yr) = 6.1463e-07
Time (yr) = 6.3835e-07
Time (yr) = 6.6208e-07
Time (yr) = 6.858e-07
Time (yr) = 7.0952e-07
Time (yr) = 7.3325e-07
Time (yr) = 7.5697e-07
Time (yr) = 7.807e-07
Time (yr) = 8.0442e-07
Time (yr) = 8.2814e-07
Time (yr) = 8.5187e-07
Time (yr) = 8.7559e-07
Time (yr) = 8.9931e-07
Time (yr) = 9.2304e-07
Time (yr) = 9.4676e-07
Time (yr) = 9.7049e-07
Time (yr) = 9.9421e-07
Time (yr) = 1.0179e-06
Time (yr) = 1.0417e-06
Time (yr) = 1.0654e-06
Time (yr) = 1.0891e-06
Time (yr) = 1.1128e-06
Time (yr) = 1.1366e-06
Time (yr) = 1.1603e-06
Time (yr) = 1.184e-06
Time (yr) = 1.2077e-06
Time (yr) = 1.2314e-06
Time (yr) = 1.2552e-06
Time (yr) = 1.2789e-06
Time (yr) = 1.3026e-06
Time (yr) = 1.3263e-06
Time (yr) = 1.3501e-06
Time (yr) = 1.3738e-06
Time (yr) = 1.3975e-06
Time (yr) = 1.4212e-06
Time (yr) = 1.445e-06
Time (yr) = 1.4687e-06
Time (yr) = 1.4924e-06
Start of quasi-static solution

alphaa = 1.0
Time (yr) = 0.027668
Time (yr) = 9.5209
Time (yr) = 21.63
Time (yr) = 30.965
Time (yr) = 39.686
Time (yr) = 47.677
Time (yr) = 55.094
Time (yr) = 62.059
Time (yr) = 68.619
Time (yr) = 74.798
Time (yr) = 80.594
Time (yr) = 85.958
Time (yr) = 90.731
Time (yr) = 93.179
Time (yr) = 93.323
Time (yr) = 93.334
Time (yr) = 93.335
Time (yr) = 93.335
Start of dynamic solution

Time (yr) = 93.335
Time (yr) = 93.335
Time (yr) = 93.335
Time (yr) = 93.335
Time (yr) = 93.335
Time (yr) = 93.335
Time (yr) = 93.335
Time (yr) = 93.335
Time (yr) = 93.335
Time (yr) = 93.335
Time (yr) = 93.335
Time (yr) = 93.335
Time (yr) = 93.335
Time (yr) = 93.335
Time (yr) = 93.335
Time (yr) = 93.335
Time (yr) = 93.335
Time (yr) = 93.335
Time (yr) = 93.335
Time (yr) = 93.335
Time (yr) = 93.335
Time (yr) = 93.335
Time (yr) = 93.335
Time (yr) = 93.335
Time (yr) = 93.335
Time (yr) = 93.335
Time (yr) = 93.335
Time (yr) = 93.335
Time (yr) = 93.335
Time (yr) = 93.335
Time (yr) = 93.335
Time (yr) = 93.335
Time (yr) = 93.335
Time (yr) = 93.335
Time (yr) = 93.335
Time (yr) = 93.335
Time (yr) = 93.335
Time (yr) = 93.335
Time (yr) = 93.335
Time (yr) = 93.335
Time (yr) = 93.335
Time (yr) = 93.335
Time (yr) = 93.335
Time (yr) = 93.335
Time (yr) = 93.335
Time (yr) = 93.335
Time (yr) = 93.335
Time (yr) = 93.335
Time (yr) = 93.335
Time (yr) = 93.335
Time (yr) = 93.335
Time (yr) = 93.335
Time (yr) = 93.335
Time (yr) = 93.335
Time (yr) = 93.335
Time (yr) = 93.335
Time (yr) = 93.335
Time (yr) = 93.335
Time (yr) = 93.335
Time (yr) = 93.335
Time (yr) = 93.335
Time (yr) = 93.335
Time (yr) = 93.335
Time (yr) = 93.335
Time (yr) = 93.335
Time (yr) = 93.335
Time (yr) = 93.335
Time (yr) = 93.335
Time (yr) = 93.335
Time (yr) = 93.335
Time (yr) = 93.335
Start of quasi-static solution

alphaa = 1.0
Time (yr) = 93.335
Time (yr) = 93.337
Time (yr) = 96.488
Time (yr) = 109.51
Time (yr) = 118.13
Time (yr) = 126.16
Time (yr) = 134.04
Time (yr) = 141.31
Time (yr) = 148.12
Time (yr) = 154.57
Time (yr) = 160.62
Time (yr) = 166.24
Time (yr) = 171.35
Time (yr) = 175.38
Time (yr) = 175.94
Time (yr) = 175.97
Time (yr) = 175.97
Time (yr) = 175.97
Start of dynamic solution

Time (yr) = 175.97
Time (yr) = 175.97
Time (yr) = 175.97
Time (yr) = 175.97
Time (yr) = 175.97
Time (yr) = 175.97
Time (yr) = 175.97
Time (yr) = 175.97
Time (yr) = 175.97
Time (yr) = 175.97
Time (yr) = 175.97
Time (yr) = 175.97
Time (yr) = 175.97
Time (yr) = 175.97
Time (yr) = 175.97
Time (yr) = 175.97
Time (yr) = 175.97
Time (yr) = 175.97
Time (yr) = 175.97
Time (yr) = 175.97
Time (yr) = 175.97
Time (yr) = 175.97
Time (yr) = 175.97
Time (yr) = 175.97
Time (yr) = 175.97
Time (yr) = 175.97
Time (yr) = 175.97
Time (yr) = 175.97
Time (yr) = 175.97
Time (yr) = 175.97
Time (yr) = 175.97
Time (yr) = 175.97
Time (yr) = 175.97
Time (yr) = 175.97
Time (yr) = 175.97
Time (yr) = 175.97
Time (yr) = 175.97
Time (yr) = 175.97
Time (yr) = 175.97
Time (yr) = 175.97
Time (yr) = 175.97
Time (yr) = 175.97
Time (yr) = 175.97
Time (yr) = 175.97
Time (yr) = 175.97
Time (yr) = 175.97
Time (yr) = 175.97
Time (yr) = 175.97
Time (yr) = 175.97
Time (yr) = 175.97
Time (yr) = 175.97
Time (yr) = 175.97
Time (yr) = 175.97
Time (yr) = 175.97
Time (yr) = 175.97
Time (yr) = 175.97
Time (yr) = 175.97
Time (yr) = 175.97
Time (yr) = 175.97
Time (yr) = 175.97
Time (yr) = 175.97
Time (yr) = 175.97
Time (yr) = 175.97
Time (yr) = 175.97
Time (yr) = 175.97
Time (yr) = 175.97
Time (yr) = 175.97
Time (yr) = 175.97
Time (yr) = 175.97
Time (yr) = 175.97
Time (yr) = 175.97
Start of quasi-static solution

alphaa = 1.0
Time (yr) = 175.97
Time (yr) = 175.98
Time (yr) = 176.18
Time (yr) = 187.75
Time (yr) = 198.06
Time (yr) = 206.01
Time (yr) = 214.05
Time (yr) = 221.52
Time (yr) = 228.47
Time (yr) = 235.04
Time (yr) = 241.23
Time (yr) = 247.01
Time (yr) = 252.31
Time (yr) = 256.92
Time (yr) = 258.53
Time (yr) = 258.61
Time (yr) = 258.62
Time (yr) = 258.62
Time (yr) = 258.62
Start of dynamic solution

Time (yr) = 258.62
Time (yr) = 258.62
Time (yr) = 258.62
Time (yr) = 258.62
Time (yr) = 258.62
Time (yr) = 258.62
Time (yr) = 258.62
Time (yr) = 258.62
Time (yr) = 258.62
Time (yr) = 258.62
Time (yr) = 258.62
Time (yr) = 258.62
Time (yr) = 258.62
Time (yr) = 258.62
Time (yr) = 258.62
Time (yr) = 258.62
Time (yr) = 258.62
Time (yr) = 258.62
Time (yr) = 258.62
Time (yr) = 258.62
Time (yr) = 258.62
Time (yr) = 258.62
Time (yr) = 258.62
Time (yr) = 258.62
Time (yr) = 258.62
Time (yr) = 258.62
Time (yr) = 258.62
Time (yr) = 258.62
Time (yr) = 258.62
Time (yr) = 258.62
Time (yr) = 258.62
Time (yr) = 258.62
Time (yr) = 258.62
Time (yr) = 258.62
Time (yr) = 258.62
Time (yr) = 258.62
Time (yr) = 258.62
Time (yr) = 258.62
Time (yr) = 258.62
Time (yr) = 258.62
Time (yr) = 258.62
Time (yr) = 258.62
Time (yr) = 258.62
Time (yr) = 258.62
Time (yr) = 258.62
Time (yr) = 258.62
Time (yr) = 258.62
Time (yr) = 258.62
Time (yr) = 258.62
Time (yr) = 258.62
Time (yr) = 258.62
Time (yr) = 258.62
Time (yr) = 258.62
Time (yr) = 258.62
Time (yr) = 258.62
Time (yr) = 258.62
Time (yr) = 258.62
Time (yr) = 258.62
Time (yr) = 258.62
Time (yr) = 258.62
Time (yr) = 258.62
Time (yr) = 258.62
Time (yr) = 258.62
Time (yr) = 258.62
Time (yr) = 258.62
Time (yr) = 258.62
Time (yr) = 258.62
Time (yr) = 258.62
Time (yr) = 258.62
Time (yr) = 258.62
Time (yr) = 258.62
Start of quasi-static solution

alphaa = 1.0
Time (yr) = 258.62
Time (yr) = 258.63
Time (yr) = 266.38
Time (yr) = 278.16
Time (yr) = 286.19
Time (yr) = 294.28
108155.608005 seconds (17.76 G allocations: 2.966 TiB, 0.21% gc time, 0.01% compilation time)
simulation_time(hours): 30.043231953875
simulation_time(days): 1.2518013314114584


