Fri Dec  1 17:58:00 EST 2023
1
julia running on 1*8 cores with 1 MPI-tasks and 8 threads
mpirun -n 1 --bind-to core --map-by node:PE=8 -report-bindings julia run.jl 1 velocity_ground.txt
tol: 1.0e-6
1
Doamin size factor: 0.25
Resolution: 32
Total simulation time(year): 300
Fault zone length(m): 0
Fault zone halfwidth(m): 0
Rigidity ratio of fault zone: 1.0
Coseismic reduction of rigidity ratio: 0.0
Effective normal stress(10MPa*multiple): 4
Coseismic b: 0.0375
characteristic slip distance(m): 0.063
Evolution of state variable(2:aging, 3: slip):2
Output directory: /nfs/turbo/lsa-yiheh/yiheh-mistorage/pengz/data/wholespace/velocity_ground/0.25_32_300_0_0_1.0_0.0_4_0.4_0.063_2/
The shear modulus of hostrock is: 3.200113548e10
the dimension of stiffness for each element is(25, 25, 32000)
[0.08449999999999999, 0.0844117448269587, 0.08424444444444444, 0.08407714406193018, 0.08398888888888889, 0.0839006337158476, 0.08373333333333333, 0.08356603295081907, 0.08347777777777778, 0.08338952260473648, 0.08322222222222223, 0.08305492183970795, 0.08296666666666666, 0.08287841149362538, 0.0827111111111111, 0.08254381072859684, 0.08245555555555556, 0.08236730038251426, 0.0822, 0.08203269961748574, 0.08194444444444443, 0.08185618927140315, 0.0816888888888889, 0.08152158850637461, 0.08143333333333333, 0.08134507816029204, 0.08117777777777777, 0.08101047739526351, 0.08092222222222223, 0.08083396704918093, 0.08066666666666666, 0.0804993662841524, 0.0804111111111111, 0.08032285593806981, 0.08015555555555556, 0.07998825517304128, 0.0799, 0.07981174482695871, 0.07964444444444443, 0.07947714406193018, 0.0793888888888889, 0.07930063371584758, 0.07913333333333333, 0.07896603295081905, 0.07887777777777777, 0.07878952260473648, 0.07862222222222222, 0.07845492183970795, 0.07836666666666667, 0.07827841149362538, 0.0781111111111111, 0.07794381072859685, 0.07785555555555555, 0.07776730038251425, 0.0776, 0.07743269961748572, 0.07734444444444444, 0.07725618927140315, 0.07708888888888889, 0.07692158850637462, 0.07683333333333334, 0.07674507816029205, 0.07657777777777777, 0.07641047739526352, 0.07632222222222222, 0.07623396704918092, 0.07606666666666667, 0.07589936628415239, 0.0758111111111111, 0.07572285593806982, 0.07555555555555554, 0.07538825517304129, 0.0753, 0.0752117448269587, 0.07504444444444444, 0.07487714406193018, 0.07478888888888888, 0.07470063371584759, 0.07453333333333334, 0.07436603295081906, 0.07427777777777778, 0.07418952260473649, 0.07402222222222221, 0.07385492183970796, 0.07376666666666667, 0.07367841149362538, 0.07351111111111111, 0.07334381072859684, 0.07325555555555555, 0.07316730038251426, 0.07300000000000001, 0.07283269961748573, 0.07274444444444444, 0.07265618927140316, 0.07248888888888888, 0.07232158850637463, 0.07223333333333333, 0.07214507816029203, 0.07197777777777778, 0.0718104773952635, 0.07172222222222221, 0.07163396704918093, 0.07146666666666666, 0.0712993662841524, 0.07121111111111111, 0.07112285593806983, 0.07095555555555555, 0.0707882551730413, 0.0707, 0.0706117448269587, 0.07044444444444445, 0.07027714406193017, 0.07018888888888888, 0.0701006337158476, 0.06993333333333333, 0.06976603295081907, 0.06967777777777778, 0.06958952260473648, 0.06942222222222222, 0.06925492183970795, 0.06916666666666667, 0.06907841149362537, 0.06891111111111112, 0.06874381072859684, 0.06865555555555555, 0.06856730038251427, 0.0684, 0.06823269961748574, 0.06814444444444445, 0.06805618927140315, 0.06788888888888889, 0.06772158850637462, 0.06763333333333332, 0.06754507816029204, 0.06737777777777777, 0.06721047739526351, 0.06712222222222222, 0.06703396704918094, 0.06686666666666666, 0.0666993662841524, 0.06661111111111111, 0.06652285593806982, 0.06635555555555556, 0.06618825517304129, 0.06609999999999999, 0.06601174482695871, 0.06584444444444444, 0.06567714406193018, 0.06558888888888889, 0.0655006337158476, 0.06533333333333333, 0.06516603295081907, 0.06507777777777778, 0.06498952260473649, 0.06482222222222223, 0.06465492183970796, 0.06456666666666666, 0.06447841149362538, 0.06431111111111111, 0.06414381072859685, 0.06405555555555556, 0.06396730038251426, 0.0638, 0.06363269961748573, 0.06354444444444445, 0.06345618927140315, 0.0632888888888889, 0.06312158850637462, 0.06303333333333333, 0.06294507816029205, 0.06277777777777778, 0.06261047739526351, 0.06252222222222223, 0.06243396704918093, 0.062266666666666665, 0.0620993662841524, 0.062011111111111114, 0.061922855938069815, 0.06175555555555555, 0.06158825517304129, 0.0615, 0.05989413956879217, 0.05685, 0.05380586043120782, 0.052199999999999996, 0.05059413956879217, 0.047549999999999995, 0.04450586043120783, 0.042899999999999994, 0.041294139568792174, 0.03825, 0.035205860431207825, 0.0336, 0.03199413956879217, 0.028949999999999997, 0.02590586043120783, 0.0243, 0.02269413956879217, 0.01965, 0.016605860431207826, 0.015, 0.015, 0.015, 0.015, 0.015, 0.015, 0.015, 0.015, 0.015, 0.015, 0.015, 0.015, 0.015, 0.015, 0.015, 0.015, 0.015, 0.015, 0.015, 0.015, 0.015, 0.015, 0.015, 0.015, 0.015, 0.015, 0.015, 0.015, 0.015, 0.015, 0.015, 0.015, 0.015, 0.015, 0.015, 0.015, 0.015, 0.015, 0.015, 0.015, 0.015, 0.015, 0.015, 0.015, 0.015, 0.015, 0.015, 0.015, 0.015, 0.015, 0.015, 0.015, 0.015, 0.015, 0.015, 0.015, 0.015, 0.015, 0.015, 0.015, 0.015, 0.015, 0.015, 0.015, 0.015, 0.015, 0.015, 0.015, 0.015, 0.015, 0.015, 0.015, 0.015, 0.015, 0.015, 0.015, 0.015, 0.015, 0.015, 0.015, 0.015, 0.015, 0.015, 0.015, 0.015, 0.015, 0.015, 0.015, 0.015, 0.015, 0.015, 0.015, 0.015, 0.015, 0.015, 0.015, 0.015, 0.015, 0.015, 0.015, 0.015, 0.015, 0.015, 0.015, 0.015, 0.015, 0.015, 0.015, 0.015, 0.015, 0.015, 0.015, 0.015, 0.015, 0.015, 0.015, 0.015, 0.015, 0.015, 0.015, 0.015, 0.015, 0.015, 0.015, 0.015, 0.015, 0.015, 0.015, 0.015, 0.015, 0.015, 0.015, 0.015, 0.015, 0.015, 0.015, 0.015, 0.015, 0.015, 0.015, 0.015, 0.015, 0.015, 0.015, 0.015, 0.015, 0.015, 0.015, 0.015, 0.015, 0.015, 0.015, 0.015, 0.015, 0.015, 0.015, 0.015, 0.015, 0.015, 0.015, 0.015, 0.015, 0.015, 0.015, 0.015, 0.015, 0.015, 0.015, 0.015, 0.015, 0.015, 0.015, 0.015, 0.015, 0.015, 0.015, 0.015, 0.015, 0.015, 0.015, 0.015, 0.015, 0.015, 0.015, 0.015, 0.015, 0.015, 0.015, 0.015, 0.015, 0.015, 0.015, 0.015, 0.015, 0.015, 0.015, 0.015, 0.015, 0.015, 0.015, 0.015, 0.015, 0.015, 0.015, 0.015, 0.015, 0.015, 0.015, 0.015, 0.015, 0.015, 0.015, 0.015, 0.015, 0.015, 0.015, 0.015, 0.015, 0.015, 0.015, 0.015, 0.015, 0.015, 0.015, 0.015, 0.015, 0.015, 0.015, 0.015, 0.015, 0.015, 0.015, 0.015, 0.015, 0.015, 0.015, 0.015, 0.015, 0.015, 0.015, 0.015, 0.015, 0.015, 0.015, 0.015, 0.015, 0.015, 0.015, 0.015, 0.015, 0.015, 0.015, 0.015, 0.015, 0.015, 0.015, 0.015, 0.015, 0.015, 0.015, 0.015, 0.015, 0.015, 0.015, 0.015, 0.015, 0.015, 0.015, 0.015, 0.015, 0.015, 0.015, 0.015, 0.015, 0.015, 0.015, 0.015, 0.015, 0.015, 0.015, 0.015, 0.015, 0.015, 0.015, 0.015, 0.015, 0.015, 0.015, 0.015, 0.015, 0.015, 0.015, 0.015, 0.015, 0.015, 0.015, 0.015, 0.015, 0.015, 0.015, 0.015, 0.015, 0.015, 0.015, 0.015, 0.015, 0.015, 0.015, 0.015, 0.015, 0.015, 0.015, 0.015, 0.015, 0.015, 0.015, 0.015, 0.015, 0.015, 0.015, 0.015, 0.015, 0.015, 0.015, 0.015, 0.015, 0.015, 0.015, 0.015, 0.015, 0.015, 0.015, 0.015, 0.015, 0.015, 0.015, 0.015, 0.015, 0.015, 0.015, 0.015, 0.015, 0.015, 0.015, 0.015, 0.015, 0.015, 0.015, 0.015, 0.015, 0.015, 0.015, 0.015, 0.015, 0.015, 0.015, 0.015, 0.015, 0.015, 0.015, 0.015, 0.015, 0.015, 0.015, 0.015, 0.015, 0.015, 0.015, 0.015, 0.015, 0.015, 0.015, 0.015, 0.015, 0.015, 0.015, 0.015, 0.015, 0.015, 0.015, 0.015, 0.015, 0.015, 0.015, 0.015, 0.015, 0.015, 0.015, 0.015, 0.015, 0.015, 0.015, 0.015, 0.015, 0.015, 0.015, 0.015, 0.015, 0.015, 0.015, 0.015, 0.016605860431207826, 0.01965, 0.022694139568792175, 0.024300000000000002, 0.02590586043120783, 0.028950000000000004, 0.03199413956879217, 0.033600000000000005, 0.035205860431207825, 0.03825, 0.041294139568792174, 0.0429, 0.04450586043120783, 0.04755, 0.05059413956879217, 0.052199999999999996, 0.05380586043120783, 0.05685, 0.05989413956879217, 0.0615, 0.06158825517304129, 0.06175555555555556, 0.06192285593806982, 0.062011111111111114, 0.0620993662841524, 0.062266666666666665, 0.06243396704918093, 0.06252222222222223, 0.06261047739526351, 0.06277777777777778, 0.06294507816029205, 0.06303333333333333, 0.06312158850637463, 0.0632888888888889, 0.06345618927140315, 0.06354444444444445, 0.06363269961748574, 0.0638, 0.06396730038251426, 0.06405555555555556, 0.06414381072859685, 0.06431111111111111, 0.06447841149362538, 0.06456666666666666, 0.06465492183970796, 0.06482222222222223, 0.06498952260473649, 0.06507777777777778, 0.06516603295081907, 0.06533333333333333, 0.0655006337158476, 0.06558888888888889, 0.06567714406193018, 0.06584444444444444, 0.06601174482695871, 0.06609999999999999, 0.06618825517304129, 0.06635555555555556, 0.06652285593806982, 0.06661111111111111, 0.0666993662841524, 0.06686666666666667, 0.06703396704918094, 0.06712222222222222, 0.06721047739526351, 0.06737777777777779, 0.06754507816029204, 0.06763333333333334, 0.06772158850637462, 0.06788888888888889, 0.06805618927140315, 0.06814444444444445, 0.06823269961748574, 0.0684, 0.06856730038251427, 0.06865555555555555, 0.06874381072859684, 0.06891111111111112, 0.06907841149362537, 0.06916666666666667, 0.06925492183970797, 0.06942222222222222, 0.0695895226047365, 0.06967777777777778, 0.06976603295081907, 0.06993333333333333, 0.0701006337158476, 0.07018888888888888, 0.07027714406193017, 0.07044444444444445, 0.0706117448269587, 0.0707, 0.0707882551730413, 0.07095555555555555, 0.07112285593806983, 0.07121111111111111, 0.0712993662841524, 0.07146666666666666, 0.07163396704918093, 0.07172222222222221, 0.07181047739526351, 0.07197777777777778, 0.07214507816029204, 0.07223333333333334, 0.07232158850637463, 0.07248888888888888, 0.07265618927140316, 0.07274444444444444, 0.07283269961748573, 0.07300000000000001, 0.07316730038251426, 0.07325555555555555, 0.07334381072859684, 0.07351111111111111, 0.07367841149362538, 0.07376666666666667, 0.07385492183970796, 0.07402222222222221, 0.07418952260473649, 0.07427777777777778, 0.07436603295081906, 0.07453333333333334, 0.07470063371584759, 0.07478888888888889, 0.07487714406193019, 0.07504444444444444, 0.0752117448269587, 0.0753, 0.07538825517304129, 0.07555555555555556, 0.07572285593806982, 0.0758111111111111, 0.07589936628415239, 0.07606666666666667, 0.07623396704918092, 0.07632222222222222, 0.07641047739526352, 0.07657777777777777, 0.07674507816029205, 0.07683333333333334, 0.07692158850637462, 0.07708888888888889, 0.07725618927140315, 0.07734444444444444, 0.07743269961748574, 0.0776, 0.07776730038251425, 0.07785555555555555, 0.07794381072859685, 0.0781111111111111, 0.07827841149362538, 0.07836666666666667, 0.07845492183970795, 0.07862222222222223, 0.07878952260473648, 0.07887777777777777, 0.07896603295081907, 0.07913333333333333, 0.0793006337158476, 0.0793888888888889, 0.07947714406193018, 0.07964444444444443, 0.07981174482695871, 0.0799, 0.07998825517304128, 0.08015555555555556, 0.08032285593806981, 0.0804111111111111, 0.0804993662841524, 0.08066666666666666, 0.08083396704918093, 0.08092222222222223, 0.08101047739526351, 0.08117777777777778, 0.08134507816029204, 0.08143333333333333, 0.08152158850637461, 0.0816888888888889, 0.08185618927140315, 0.08194444444444444, 0.08203269961748574, 0.0822, 0.08236730038251427, 0.08245555555555556, 0.08254381072859684, 0.08271111111111111, 0.08287841149362538, 0.08296666666666666, 0.08305492183970795, 0.08322222222222223, 0.08338952260473648, 0.08347777777777778, 0.08356603295081907, 0.08373333333333333, 0.0839006337158476, 0.08398888888888889, 0.08407714406193018, 0.08424444444444444, 0.0844117448269587, 0.08449999999999999]
[0.0375, 0.0375, 0.0375, 0.0375, 0.0375, 0.0375, 0.0375, 0.0375, 0.0375, 0.0375, 0.0375, 0.0375, 0.0375, 0.0375, 0.0375, 0.0375, 0.0375, 0.0375, 0.0375, 0.0375, 0.0375, 0.0375, 0.0375, 0.0375, 0.0375, 0.0375, 0.0375, 0.0375, 0.0375, 0.0375, 0.0375, 0.0375, 0.0375, 0.0375, 0.0375, 0.0375, 0.0375, 0.0375, 0.0375, 0.0375, 0.0375, 0.0375, 0.0375, 0.0375, 0.0375, 0.0375, 0.0375, 0.0375, 0.0375, 0.0375, 0.0375, 0.0375, 0.0375, 0.0375, 0.0375, 0.0375, 0.0375, 0.0375, 0.0375, 0.0375, 0.0375, 0.0375, 0.0375, 0.0375, 0.0375, 0.0375, 0.0375, 0.0375, 0.0375, 0.0375, 0.0375, 0.0375, 0.0375, 0.0375, 0.0375, 0.0375, 0.0375, 0.0375, 0.0375, 0.0375, 0.0375, 0.0375, 0.0375, 0.0375, 0.0375, 0.0375, 0.0375, 0.0375, 0.0375, 0.0375, 0.0375, 0.0375, 0.0375, 0.0375, 0.0375, 0.0375, 0.0375, 0.0375, 0.0375, 0.0375, 0.0375, 0.0375, 0.0375, 0.0375, 0.0375, 0.0375, 0.0375, 0.0375, 0.0375, 0.0375, 0.0375, 0.0375, 0.0375, 0.0375, 0.0375, 0.0375, 0.0375, 0.0375, 0.0375, 0.0375, 0.0375, 0.0375, 0.0375, 0.0375, 0.0375, 0.0375, 0.0375, 0.0375, 0.0375, 0.0375, 0.0375, 0.0375, 0.0375, 0.0375, 0.0375, 0.0375, 0.0375, 0.0375, 0.0375, 0.0375, 0.0375, 0.0375, 0.0375, 0.0375, 0.0375, 0.0375, 0.0375, 0.0375, 0.0375, 0.0375, 0.0375, 0.0375, 0.0375, 0.0375, 0.0375, 0.0375, 0.0375, 0.0375, 0.0375, 0.0375, 0.0375, 0.0375, 0.0375, 0.0375, 0.0375, 0.0375, 0.0375, 0.0375, 0.0375, 0.0375, 0.0375, 0.0375, 0.0375, 0.0375, 0.0375, 0.0375, 0.0375, 0.0375, 0.0375, 0.0375, 0.0375, 0.0375, 0.0375, 0.0375, 0.0375, 0.0375, 0.0375, 0.0375, 0.0375, 0.0375, 0.0375, 0.0375, 0.0375, 0.0375, 0.0375, 0.0375, 0.0375, 0.0375, 0.0375, 0.0375, 0.0375, 0.0375, 0.0375, 0.0375, 0.0375, 0.0375, 0.0375, 0.0375, 0.0375, 0.0375, 0.0375, 0.0375, 0.0375, 0.0375, 0.0375, 0.0375, 0.0375, 0.0375, 0.0375, 0.0375, 0.0375, 0.0375, 0.0375, 0.0375, 0.0375, 0.0375, 0.0375, 0.0375, 0.0375, 0.0375, 0.0375, 0.0375, 0.0375, 0.0375, 0.0375, 0.0375, 0.0375, 0.0375, 0.0375, 0.0375, 0.0375, 0.0375, 0.0375, 0.0375, 0.0375, 0.0375, 0.0375, 0.0375, 0.0375, 0.0375, 0.0375, 0.0375, 0.0375, 0.0375, 0.0375, 0.0375, 0.0375, 0.0375, 0.0375, 0.0375, 0.0375, 0.0375, 0.0375, 0.0375, 0.0375, 0.0375, 0.0375, 0.0375, 0.0375, 0.0375, 0.0375, 0.0375, 0.0375, 0.0375, 0.0375, 0.0375, 0.0375, 0.0375, 0.0375, 0.0375, 0.0375, 0.0375, 0.0375, 0.0375, 0.0375, 0.0375, 0.0375, 0.0375, 0.0375, 0.0375, 0.0375, 0.0375, 0.0375, 0.0375, 0.0375, 0.0375, 0.0375, 0.0375, 0.0375, 0.0375, 0.0375, 0.0375, 0.0375, 0.0375, 0.0375, 0.0375, 0.0375, 0.0375, 0.0375, 0.0375, 0.0375, 0.0375, 0.0375, 0.0375, 0.0375, 0.0375, 0.0375, 0.0375, 0.0375, 0.0375, 0.0375, 0.0375, 0.0375, 0.0375, 0.0375, 0.0375, 0.0375, 0.0375, 0.0375, 0.0375, 0.0375, 0.0375, 0.0375, 0.0375, 0.0375, 0.0375, 0.0375, 0.0375, 0.0375, 0.0375, 0.0375, 0.0375, 0.0375, 0.0375, 0.0375, 0.0375, 0.0375, 0.0375, 0.0375, 0.0375, 0.0375, 0.0375, 0.0375, 0.0375, 0.0375, 0.0375, 0.0375, 0.0375, 0.0375, 0.0375, 0.0375, 0.0375, 0.0375, 0.0375, 0.0375, 0.0375, 0.0375, 0.0375, 0.0375, 0.0375, 0.0375, 0.0375, 0.0375, 0.0375, 0.0375, 0.0375, 0.0375, 0.0375, 0.0375, 0.0375, 0.0375, 0.0375, 0.0375, 0.0375, 0.0375, 0.0375, 0.0375, 0.0375, 0.0375, 0.0375, 0.0375, 0.0375, 0.0375, 0.0375, 0.0375, 0.0375, 0.0375, 0.0375, 0.0375, 0.0375, 0.0375, 0.0375, 0.0375, 0.0375, 0.0375, 0.0375, 0.0375, 0.0375, 0.0375, 0.0375, 0.0375, 0.0375, 0.0375, 0.0375, 0.0375, 0.0375, 0.0375, 0.0375, 0.0375, 0.0375, 0.0375, 0.0375, 0.0375, 0.0375, 0.0375, 0.0375, 0.0375, 0.0375, 0.0375, 0.0375, 0.0375, 0.0375, 0.0375, 0.0375, 0.0375, 0.0375, 0.0375, 0.0375, 0.0375, 0.0375, 0.0375, 0.0375, 0.0375, 0.0375, 0.0375, 0.0375, 0.0375, 0.0375, 0.0375, 0.0375, 0.0375, 0.0375, 0.0375, 0.0375, 0.0375, 0.0375, 0.0375, 0.0375, 0.0375, 0.0375, 0.0375, 0.0375, 0.0375, 0.0375, 0.0375, 0.0375, 0.0375, 0.0375, 0.0375, 0.0375, 0.0375, 0.0375, 0.0375, 0.0375, 0.0375, 0.0375, 0.0375, 0.0375, 0.0375, 0.0375, 0.0375, 0.0375, 0.0375, 0.0375, 0.0375, 0.0375, 0.0375, 0.0375, 0.0375, 0.0375, 0.0375, 0.0375, 0.0375, 0.0375, 0.0375, 0.0375, 0.0375, 0.0375, 0.0375, 0.0375, 0.0375, 0.0375, 0.0375, 0.0375, 0.0375, 0.0375, 0.0375, 0.0375, 0.0375, 0.0375, 0.0375, 0.0375, 0.0375, 0.0375, 0.0375, 0.0375, 0.0375, 0.0375, 0.0375, 0.0375, 0.0375, 0.0375, 0.0375, 0.0375, 0.0375, 0.0375, 0.0375, 0.0375, 0.0375, 0.0375, 0.0375, 0.0375, 0.0375, 0.0375, 0.0375, 0.0375, 0.0375, 0.0375, 0.0375, 0.0375, 0.0375, 0.0375, 0.0375, 0.0375, 0.0375, 0.0375, 0.0375, 0.0375, 0.0375, 0.0375, 0.0375, 0.0375, 0.0375, 0.0375, 0.0375, 0.0375, 0.0375, 0.0375, 0.0375, 0.0375, 0.0375, 0.0375, 0.0375, 0.0375, 0.0375, 0.0375, 0.0375, 0.0375, 0.0375, 0.0375, 0.0375, 0.0375, 0.0375, 0.0375, 0.0375, 0.0375, 0.0375, 0.0375, 0.0375, 0.0375, 0.0375, 0.0375, 0.0375, 0.0375, 0.0375, 0.0375, 0.0375, 0.0375, 0.0375, 0.0375, 0.0375, 0.0375, 0.0375, 0.0375, 0.0375, 0.0375, 0.0375, 0.0375, 0.0375, 0.0375, 0.0375, 0.0375, 0.0375, 0.0375, 0.0375, 0.0375, 0.0375, 0.0375, 0.0375, 0.0375, 0.0375, 0.0375, 0.0375, 0.0375, 0.0375, 0.0375, 0.0375, 0.0375, 0.0375, 0.0375, 0.0375, 0.0375, 0.0375, 0.0375, 0.0375, 0.0375, 0.0375, 0.0375, 0.0375, 0.0375, 0.0375, 0.0375, 0.0375, 0.0375, 0.0375, 0.0375, 0.0375, 0.0375, 0.0375, 0.0375, 0.0375, 0.0375, 0.0375, 0.0375, 0.0375, 0.0375, 0.0375, 0.0375, 0.0375, 0.0375, 0.0375, 0.0375, 0.0375, 0.0375, 0.0375, 0.0375, 0.0375, 0.0375, 0.0375, 0.0375, 0.0375, 0.0375, 0.0375, 0.0375, 0.0375, 0.0375, 0.0375, 0.0375, 0.0375, 0.0375, 0.0375, 0.0375, 0.0375, 0.0375, 0.0375, 0.0375, 0.0375, 0.0375, 0.0375, 0.0375, 0.0375, 0.0375, 0.0375, 0.0375, 0.0375, 0.0375, 0.0375, 0.0375, 0.0375, 0.0375, 0.0375, 0.0375, 0.0375, 0.0375, 0.0375, 0.0375, 0.0375, 0.0375, 0.0375, 0.0375, 0.0375, 0.0375, 0.0375, 0.0375, 0.0375, 0.0375, 0.0375, 0.0375, 0.0375, 0.0375, 0.0375, 0.0375, 0.0375, 0.0375, 0.0375, 0.0375, 0.0375, 0.0375, 0.0375, 0.0375, 0.0375, 0.0375, 0.0375, 0.0375, 0.0375, 0.0375, 0.0375, 0.0375, 0.0375, 0.0375, 0.0375, 0.0375, 0.0375, 0.0375, 0.0375, 0.0375, 0.0375, 0.0375, 0.0375, 0.0375, 0.0375, 0.0375, 0.0375, 0.0375, 0.0375, 0.0375, 0.0375, 0.0375, 0.0375, 0.0375, 0.0375, 0.0375, 0.0375, 0.0375, 0.0375, 0.0375, 0.0375, 0.0375, 0.0375, 0.0375, 0.0375, 0.0375, 0.0375, 0.0375, 0.0375, 0.0375, 0.0375, 0.0375, 0.0375, 0.0375, 0.0375, 0.0375, 0.0375, 0.0375, 0.0375, 0.0375, 0.0375, 0.0375, 0.0375, 0.0375, 0.0375, 0.0375, 0.0375, 0.0375, 0.0375, 0.0375, 0.0375, 0.0375, 0.0375, 0.0375, 0.0375, 0.0375, 0.0375, 0.0375, 0.0375, 0.0375, 0.0375, 0.0375, 0.0375, 0.0375, 0.0375]
[0.047, 0.04691174482695871, 0.04674444444444444, 0.04657714406193018, 0.046488888888888885, 0.0464006337158476, 0.046233333333333335, 0.04606603295081907, 0.04597777777777778, 0.045889522604736485, 0.04572222222222222, 0.045554921839707954, 0.04546666666666667, 0.04537841149362537, 0.045211111111111105, 0.045043810728596846, 0.044955555555555554, 0.04486730038251426, 0.044700000000000004, 0.04453269961748574, 0.04444444444444444, 0.044356189271403154, 0.04418888888888889, 0.04402158850637462, 0.04393333333333333, 0.04384507816029204, 0.043677777777777774, 0.04351047739526351, 0.04342222222222222, 0.04333396704918093, 0.043166666666666666, 0.0429993662841524, 0.04291111111111111, 0.04282285593806982, 0.04265555555555556, 0.04248825517304129, 0.0424, 0.04231174482695871, 0.04214444444444444, 0.04197714406193018, 0.04188888888888889, 0.04180063371584759, 0.04163333333333333, 0.04146603295081906, 0.04137777777777778, 0.041289522604736485, 0.04112222222222222, 0.04095492183970796, 0.04086666666666666, 0.04077841149362538, 0.04061111111111111, 0.040443810728596846, 0.040355555555555554, 0.04026730038251426, 0.0401, 0.03993269961748573, 0.039844444444444446, 0.039756189271403154, 0.03958888888888889, 0.03942158850637462, 0.03933333333333333, 0.039245078160292046, 0.03907777777777778, 0.038910477395263515, 0.03882222222222222, 0.03873396704918093, 0.038566666666666666, 0.0383993662841524, 0.03831111111111111, 0.038222855938069816, 0.03805555555555555, 0.037888255173041285, 0.0378, 0.03771174482695871, 0.03754444444444444, 0.03737714406193018, 0.037288888888888885, 0.0372006337158476, 0.037033333333333335, 0.03686603295081907, 0.03677777777777778, 0.036689522604736485, 0.03652222222222222, 0.036354921839707954, 0.03626666666666667, 0.03617841149362538, 0.03601111111111111, 0.035843810728596846, 0.035755555555555554, 0.03566730038251426, 0.035500000000000004, 0.03533269961748574, 0.035244444444444446, 0.035156189271403154, 0.03498888888888889, 0.03482158850637462, 0.03473333333333333, 0.03464507816029204, 0.034477777777777774, 0.03431047739526351, 0.03422222222222222, 0.03413396704918093, 0.033966666666666666, 0.0337993662841524, 0.03371111111111111, 0.03362285593806982, 0.03345555555555556, 0.03328825517304129, 0.0332, 0.03311174482695871, 0.03294444444444444, 0.03277714406193018, 0.03268888888888889, 0.0326006337158476, 0.032433333333333335, 0.03226603295081907, 0.03217777777777778, 0.032089522604736485, 0.03192222222222222, 0.031754921839707954, 0.03166666666666667, 0.03157841149362538, 0.03141111111111111, 0.031243810728596846, 0.031155555555555554, 0.031067300382514266, 0.0309, 0.030732699617485735, 0.030644444444444446, 0.030556189271403154, 0.03038888888888889, 0.030221588506374623, 0.03013333333333333, 0.030045078160292043, 0.029877777777777777, 0.029710477395263512, 0.029622222222222223, 0.02953396704918093, 0.029366666666666666, 0.0291993662841524, 0.029111111111111112, 0.02902285593806982, 0.028855555555555554, 0.028688255173041292, 0.0286, 0.02851174482695871, 0.028344444444444443, 0.028177144061930177, 0.02808888888888889, 0.0280006337158476, 0.027833333333333335, 0.02766603295081907, 0.027577777777777777, 0.02748952260473649, 0.027322222222222223, 0.027154921839707958, 0.027066666666666666, 0.026978411493625377, 0.026811111111111112, 0.026643810728596846, 0.026555555555555554, 0.026467300382514266, 0.0263, 0.026132699617485735, 0.026044444444444446, 0.025956189271403154, 0.02578888888888889, 0.025621588506374623, 0.025533333333333335, 0.025445078160292043, 0.025277777777777777, 0.025110477395263512, 0.025022222222222223, 0.02493396704918093, 0.024766666666666666, 0.0245993662841524, 0.024511111111111112, 0.02442285593806982, 0.024255555555555555, 0.024088255173041292, 0.024, 0.022394139568792173, 0.01935, 0.016305860431207825, 0.014699999999999998, 0.01309413956879217, 0.010049999999999996, 0.007005860431207829, 0.0053999999999999986, 0.0037941395687921715, 0.0007500000000000007, -0.0022941395687921737, -0.0039000000000000007, -0.005505860431207828, -0.00855, -0.011594139568792171, -0.0132, -0.014805860431207827, -0.017849999999999998, -0.020894139568792172, -0.0225, -0.0225, -0.0225, -0.0225, -0.0225, -0.0225, -0.0225, -0.0225, -0.0225, -0.0225, -0.0225, -0.0225, -0.0225, -0.0225, -0.0225, -0.0225, -0.0225, -0.0225, -0.0225, -0.0225, -0.0225, -0.0225, -0.0225, -0.0225, -0.0225, -0.0225, -0.0225, -0.0225, -0.0225, -0.0225, -0.0225, -0.0225, -0.0225, -0.0225, -0.0225, -0.0225, -0.0225, -0.0225, -0.0225, -0.0225, -0.0225, -0.0225, -0.0225, -0.0225, -0.0225, -0.0225, -0.0225, -0.0225, -0.0225, -0.0225, -0.0225, -0.0225, -0.0225, -0.0225, -0.0225, -0.0225, -0.0225, -0.0225, -0.0225, -0.0225, -0.0225, -0.0225, -0.0225, -0.0225, -0.0225, -0.0225, -0.0225, -0.0225, -0.0225, -0.0225, -0.0225, -0.0225, -0.0225, -0.0225, -0.0225, -0.0225, -0.0225, -0.0225, -0.0225, -0.0225, -0.0225, -0.0225, -0.0225, -0.0225, -0.0225, -0.0225, -0.0225, -0.0225, -0.0225, -0.0225, -0.0225, -0.0225, -0.0225, -0.0225, -0.0225, -0.0225, -0.0225, -0.0225, -0.0225, -0.0225, -0.0225, -0.0225, -0.0225, -0.0225, -0.0225, -0.0225, -0.0225, -0.0225, -0.0225, -0.0225, -0.0225, -0.0225, -0.0225, -0.0225, -0.0225, -0.0225, -0.0225, -0.0225, -0.0225, -0.0225, -0.0225, -0.0225, -0.0225, -0.0225, -0.0225, -0.0225, -0.0225, -0.0225, -0.0225, -0.0225, -0.0225, -0.0225, -0.0225, -0.0225, -0.0225, -0.0225, -0.0225, -0.0225, -0.0225, -0.0225, -0.0225, -0.0225, -0.0225, -0.0225, -0.0225, -0.0225, -0.0225, -0.0225, -0.0225, -0.0225, -0.0225, -0.0225, -0.0225, -0.0225, -0.0225, -0.0225, -0.0225, -0.0225, -0.0225, -0.0225, -0.0225, -0.0225, -0.0225, -0.0225, -0.0225, -0.0225, -0.0225, -0.0225, -0.0225, -0.0225, -0.0225, -0.0225, -0.0225, -0.0225, -0.0225, -0.0225, -0.0225, -0.0225, -0.0225, -0.0225, -0.0225, -0.0225, -0.0225, -0.0225, -0.0225, -0.0225, -0.0225, -0.0225, -0.0225, -0.0225, -0.0225, -0.0225, -0.0225, -0.0225, -0.0225, -0.0225, -0.0225, -0.0225, -0.0225, -0.0225, -0.0225, -0.0225, -0.0225, -0.0225, -0.0225, -0.0225, -0.0225, -0.0225, -0.0225, -0.0225, -0.0225, -0.0225, -0.0225, -0.0225, -0.0225, -0.0225, -0.0225, -0.0225, -0.0225, -0.0225, -0.0225, -0.0225, -0.0225, -0.0225, -0.0225, -0.0225, -0.0225, -0.0225, -0.0225, -0.0225, -0.0225, -0.0225, -0.0225, -0.0225, -0.0225, -0.0225, -0.0225, -0.0225, -0.0225, -0.0225, -0.0225, -0.0225, -0.0225, -0.0225, -0.0225, -0.0225, -0.0225, -0.0225, -0.0225, -0.0225, -0.0225, -0.0225, -0.0225, -0.0225, -0.0225, -0.0225, -0.0225, -0.0225, -0.0225, -0.0225, -0.0225, -0.0225, -0.0225, -0.0225, -0.0225, -0.0225, -0.0225, -0.0225, -0.0225, -0.0225, -0.0225, -0.0225, -0.0225, -0.0225, -0.0225, -0.0225, -0.0225, -0.0225, -0.0225, -0.0225, -0.0225, -0.0225, -0.0225, -0.0225, -0.0225, -0.0225, -0.0225, -0.0225, -0.0225, -0.0225, -0.0225, -0.0225, -0.0225, -0.0225, -0.0225, -0.0225, -0.0225, -0.0225, -0.0225, -0.0225, -0.0225, -0.0225, -0.0225, -0.0225, -0.0225, -0.0225, -0.0225, -0.0225, -0.0225, -0.0225, -0.0225, -0.0225, -0.0225, -0.0225, -0.0225, -0.0225, -0.0225, -0.0225, -0.0225, -0.0225, -0.0225, -0.0225, -0.0225, -0.0225, -0.0225, -0.0225, -0.0225, -0.0225, -0.0225, -0.0225, -0.0225, -0.0225, -0.0225, -0.0225, -0.0225, -0.0225, -0.0225, -0.0225, -0.0225, -0.0225, -0.0225, -0.0225, -0.0225, -0.0225, -0.0225, -0.0225, -0.0225, -0.0225, -0.0225, -0.0225, -0.0225, -0.0225, -0.0225, -0.0225, -0.0225, -0.0225, -0.0225, -0.0225, -0.0225, -0.0225, -0.0225, -0.0225, -0.0225, -0.0225, -0.0225, -0.0225, -0.0225, -0.0225, -0.0225, -0.0225, -0.0225, -0.0225, -0.0225, -0.0225, -0.0225, -0.0225, -0.0225, -0.0225, -0.0225, -0.0225, -0.0225, -0.0225, -0.0225, -0.0225, -0.0225, -0.0225, -0.0225, -0.0225, -0.0225, -0.0225, -0.0225, -0.0225, -0.0225, -0.0225, -0.0225, -0.0225, -0.0225, -0.0225, -0.0225, -0.0225, -0.0225, -0.020894139568792172, -0.017849999999999998, -0.014805860431207823, -0.013199999999999996, -0.01159413956879217, -0.008549999999999995, -0.005505860431207828, -0.0038999999999999972, -0.00229413956879217, 0.0007500000000000007, 0.003794139568792175, 0.005400000000000002, 0.007005860431207829, 0.010050000000000002, 0.013094139568792173, 0.014700000000000001, 0.01630586043120783, 0.01935, 0.022394139568792173, 0.024, 0.024088255173041292, 0.024255555555555558, 0.024422855938069823, 0.024511111111111112, 0.024599366284152404, 0.02476666666666667, 0.024933967049180935, 0.025022222222222223, 0.025110477395263515, 0.02527777777777778, 0.025445078160292046, 0.025533333333333335, 0.025621588506374627, 0.025788888888888892, 0.025956189271403154, 0.026044444444444446, 0.02613269961748574, 0.0263, 0.026467300382514266, 0.026555555555555558, 0.026643810728596846, 0.026811111111111112, 0.026978411493625377, 0.02706666666666667, 0.027154921839707958, 0.027322222222222223, 0.02748952260473649, 0.02757777777777778, 0.02766603295081907, 0.027833333333333335, 0.0280006337158476, 0.028088888888888892, 0.02817714406193018, 0.028344444444444446, 0.028511744826958712, 0.0286, 0.028688255173041292, 0.028855555555555558, 0.029022855938069823, 0.029111111111111112, 0.029199366284152404, 0.02936666666666667, 0.029533967049180935, 0.029622222222222223, 0.029710477395263515, 0.02987777777777778, 0.030045078160292043, 0.030133333333333335, 0.030221588506374627, 0.03038888888888889, 0.030556189271403154, 0.030644444444444446, 0.030732699617485735, 0.0309, 0.031067300382514266, 0.031155555555555558, 0.031243810728596846, 0.03141111111111111, 0.03157841149362538, 0.03166666666666667, 0.03175492183970796, 0.03192222222222223, 0.03208952260473649, 0.03217777777777778, 0.03226603295081907, 0.032433333333333335, 0.0326006337158476, 0.03268888888888889, 0.03277714406193018, 0.03294444444444444, 0.03311174482695871, 0.0332, 0.03328825517304129, 0.03345555555555556, 0.03362285593806982, 0.03371111111111111, 0.0337993662841524, 0.033966666666666666, 0.03413396704918093, 0.03422222222222222, 0.034310477395263515, 0.03447777777777778, 0.034645078160292046, 0.03473333333333334, 0.03482158850637462, 0.03498888888888889, 0.035156189271403154, 0.035244444444444446, 0.03533269961748574, 0.035500000000000004, 0.03566730038251427, 0.035755555555555554, 0.035843810728596846, 0.03601111111111111, 0.03617841149362538, 0.03626666666666667, 0.036354921839707954, 0.03652222222222222, 0.036689522604736485, 0.03677777777777778, 0.03686603295081907, 0.037033333333333335, 0.0372006337158476, 0.03728888888888889, 0.037377144061930184, 0.03754444444444445, 0.03771174482695871, 0.0378, 0.03788825517304129, 0.03805555555555556, 0.03822285593806982, 0.038311111111111115, 0.0383993662841524, 0.038566666666666666, 0.03873396704918093, 0.03882222222222222, 0.038910477395263515, 0.03907777777777778, 0.039245078160292046, 0.03933333333333333, 0.03942158850637462, 0.03958888888888889, 0.039756189271403154, 0.039844444444444446, 0.03993269961748574, 0.040100000000000004, 0.04026730038251426, 0.040355555555555554, 0.040443810728596846, 0.04061111111111111, 0.04077841149362538, 0.04086666666666667, 0.04095492183970796, 0.04112222222222223, 0.041289522604736485, 0.04137777777777778, 0.04146603295081907, 0.041633333333333335, 0.0418006337158476, 0.04188888888888889, 0.04197714406193018, 0.04214444444444444, 0.04231174482695871, 0.0424, 0.04248825517304129, 0.04265555555555556, 0.04282285593806982, 0.04291111111111111, 0.0429993662841524, 0.043166666666666666, 0.04333396704918093, 0.04342222222222222, 0.043510477395263515, 0.04367777777777778, 0.043845078160292046, 0.04393333333333333, 0.04402158850637462, 0.04418888888888889, 0.044356189271403154, 0.044444444444444446, 0.04453269961748574, 0.044700000000000004, 0.04486730038251427, 0.044955555555555554, 0.045043810728596846, 0.04521111111111111, 0.04537841149362538, 0.04546666666666667, 0.045554921839707954, 0.04572222222222222, 0.045889522604736485, 0.04597777777777778, 0.04606603295081907, 0.046233333333333335, 0.0464006337158476, 0.04648888888888889, 0.04657714406193018, 0.04674444444444444, 0.04691174482695871, 0.047]
idx_1=125
idx_2=875
[1, 2, 3, 4, 5, 5, 26, 27, 28, 29, 29, 46, 47, 48, 49, 49, 66, 67, 68, 69, 69, 86, 87, 88, 89, 89, 106, 107, 108, 109, 109, 126, 127, 128, 129, 129, 146, 147, 148, 149, 149, 166, 167, 168, 169, 169, 186, 187, 188, 189, 189, 206, 207, 208, 209, 209, 226, 227, 228, 229, 229, 246, 247, 248, 249, 249, 266, 267, 268, 269, 269, 286, 287, 288, 289, 289, 306, 307, 308, 309, 309, 326, 327, 328, 329, 329, 346, 347, 348, 349, 349, 366, 367, 368, 369, 369, 386, 387, 388, 389, 389, 406, 407, 408, 409, 409, 426, 427, 428, 429, 429, 446, 447, 448, 449, 449, 466, 467, 468, 469, 469, 486, 487, 488, 489]
[3489, 3489, 3506, 3507, 3508, 3509, 3509, 3526, 3527, 3528, 3529, 3529, 3546, 3547, 3548, 3549, 3549, 3566, 3567, 3568, 3569, 3569, 3586, 3587, 3588, 3589, 3589, 3606, 3607, 3608, 3609, 3609, 3626, 3627, 3628, 3629, 3629, 3646, 3647, 3648, 3649, 3649, 3666, 3667, 3668, 3669, 3669, 3686, 3687, 3688, 3689, 3689, 3706, 3707, 3708, 3709, 3709, 3726, 3727, 3728, 3729, 3729, 3746, 3747, 3748, 3749, 3749, 3766, 3767, 3768, 3769, 3769, 3786, 3787, 3788, 3789, 3789, 3806, 3807, 3808, 3809, 3809, 3826, 3827, 3828, 3829, 3829, 3846, 3847, 3848, 3849, 3849, 3866, 3867, 3868, 3869, 3869, 3886, 3887, 3888, 3889, 3889, 3906, 3907, 3908, 3909, 3909, 3926, 3927, 3928, 3929, 3929, 3946, 3947, 3948, 3949, 3949, 3966, 3967, 3968, 3969, 3969, 3986, 3987, 3988, 3989]
Total number of GLL nodes on fault: 801
Average node spacing on fault: 12.5 m
ThickX: 5000.0 m
ThickY: 0.0 m
dt: 0.001496301 s
The nucleation size of homogeneous host medium:2376.7981515578686 m
The nucleation size of homogeneous damage medium:2376.7981515578686 m
sigma=4.0e7  mu=3.200113548e10  L=0.063  b=0.0375
The downlimit (damage) Cohesive zone size:1187.5641607915275 m
[1, 2, 3, 4, 5, 6, 7, 8, 9, 10, 11, 12, 13, 14, 15, 16, 17, 18, 19, 20, 21, 22, 23, 24, 25, 26, 27, 28, 29, 30, 31, 32, 33, 34, 35, 36, 37, 38, 39, 40, 41, 42, 43, 44, 45, 46, 47, 48, 49, 50, 51, 52, 53, 54, 55, 56, 57, 58, 59, 60, 61, 62, 63, 64, 65, 66, 67, 68, 69, 70, 71, 72, 73, 74, 75, 76, 77, 78, 79, 80, 81, 82, 83, 84, 85, 86, 87, 88, 89, 90, 91, 92, 93, 94, 95, 96, 97, 98, 99, 100, 702, 703, 704, 705, 706, 707, 708, 709, 710, 711, 712, 713, 714, 715, 716, 717, 718, 719, 720, 721, 722, 723, 724, 725, 726, 727, 728, 729, 730, 731, 732, 733, 734, 735, 736, 737, 738, 739, 740, 741, 742, 743, 744, 745, 746, 747, 748, 749, 750, 751, 752, 753, 754, 755, 756, 757, 758, 759, 760, 761, 762, 763, 764, 765, 766, 767, 768, 769, 770, 771, 772, 773, 774, 775, 776, 777, 778, 779, 780, 781, 782, 783, 784, 785, 786, 787, 788, 789, 790, 791, 792, 793, 794, 795, 796, 797, 798, 799, 800, 801]
Index of nodes in weakening zone:[101, 701]
AlgebraicMultigrid.Preconditioner{AlgebraicMultigrid.MultiLevel{AlgebraicMultigrid.Pinv{Float64}, GaussSeidel{SymmetricSweep}, GaussSeidel{SymmetricSweep}, SparseMatrixCSC{Float64, Int64}, Adjoint{Float64, SparseMatrixCSC{Float64, Int64}}, SparseMatrixCSC{Float64, Int64}, AlgebraicMultigrid.MultiLevelWorkspace{Vector{Float64}, 1}}, AlgebraicMultigrid.V}(Multilevel Solver
-----------------
Operator Complexity: 2.73
Grid Complexity: 1.667
No. of Levels: 10
Coarse Solver: Pinv
Level     Unknowns     NonZeros
-----     --------     --------
    1       512640      5629432 [36.63%]
    2       256318      7767978 [50.54%]
    3        64159      1457495 [ 9.48%]
    4        16053       392311 [ 2.55%]
    5         4007        94355 [ 0.61%]
    6          992        21126 [ 0.14%]
    7          248         4714 [ 0.03%]
    8           63          989 [ 0.01%]
    9           16          156 [ 0.00%]
   10            5           25 [ 0.00%]
, :zero, AlgebraicMultigrid.V())
alpha_after=1.0
Start of dynamic solution

Time (yr) = 7.8811e-07
Time (yr) = 8.1183e-07
Time (yr) = 8.3556e-07
Time (yr) = 8.5928e-07
Time (yr) = 8.83e-07
Time (yr) = 9.0673e-07
Time (yr) = 9.3045e-07
Time (yr) = 9.5417e-07
Time (yr) = 9.779e-07
Time (yr) = 1.0016e-06
Time (yr) = 1.0253e-06
Time (yr) = 1.0491e-06
Time (yr) = 1.0728e-06
Time (yr) = 1.0965e-06
Time (yr) = 1.1202e-06
Time (yr) = 1.144e-06
Time (yr) = 1.1677e-06
Time (yr) = 1.1914e-06
Time (yr) = 1.2151e-06
Time (yr) = 1.2389e-06
Time (yr) = 1.2626e-06
Time (yr) = 1.2863e-06
Time (yr) = 1.31e-06
Time (yr) = 1.3338e-06
Time (yr) = 1.3575e-06
Time (yr) = 1.3812e-06
Time (yr) = 1.4049e-06
Time (yr) = 1.4286e-06
Time (yr) = 1.4524e-06
Time (yr) = 1.4761e-06
Time (yr) = 1.4998e-06
Time (yr) = 1.5235e-06
Time (yr) = 1.5473e-06
Time (yr) = 1.571e-06
Time (yr) = 1.5947e-06
Time (yr) = 1.6184e-06
Time (yr) = 1.6422e-06
Time (yr) = 1.6659e-06
Time (yr) = 1.6896e-06
Time (yr) = 1.7133e-06
Time (yr) = 1.7371e-06
Time (yr) = 1.7608e-06
Time (yr) = 1.7845e-06
Time (yr) = 1.8082e-06
Time (yr) = 1.832e-06
Time (yr) = 1.8557e-06
Time (yr) = 1.8794e-06
Time (yr) = 1.9031e-06
Time (yr) = 1.9268e-06
Time (yr) = 1.9506e-06
Time (yr) = 1.9743e-06
Time (yr) = 1.998e-06
Time (yr) = 2.0217e-06
Time (yr) = 2.0455e-06
Time (yr) = 2.0692e-06
Time (yr) = 2.0929e-06
Time (yr) = 2.1166e-06
Time (yr) = 2.1404e-06
Time (yr) = 2.1641e-06
Time (yr) = 2.1878e-06
Start of quasi-static solution

alphaa = 1.0
Time (yr) = 0.0040576
Time (yr) = 9.511
Time (yr) = 24.519
Time (yr) = 35.772
Time (yr) = 45.729
Time (yr) = 55.041
Time (yr) = 63.721
Time (yr) = 71.887
Time (yr) = 79.64
Time (yr) = 87.037
Time (yr) = 94.114
Time (yr) = 100.9
Time (yr) = 107.42
Time (yr) = 113.67
Time (yr) = 119.66
Time (yr) = 125.36
Time (yr) = 130.75
Time (yr) = 135.75
Time (yr) = 140.1
Time (yr) = 141.8
Time (yr) = 141.95
Time (yr) = 141.96
Time (yr) = 141.97
Time (yr) = 141.97
Time (yr) = 141.97
Start of dynamic solution

Time (yr) = 141.97
Time (yr) = 141.97
Time (yr) = 141.97
Time (yr) = 141.97
Time (yr) = 141.97
Time (yr) = 141.97
Time (yr) = 141.97
Time (yr) = 141.97
Time (yr) = 141.97
Time (yr) = 141.97
Time (yr) = 141.97
Time (yr) = 141.97
Time (yr) = 141.97
Time (yr) = 141.97
Time (yr) = 141.97
Time (yr) = 141.97
Time (yr) = 141.97
Time (yr) = 141.97
Time (yr) = 141.97
Time (yr) = 141.97
Time (yr) = 141.97
Time (yr) = 141.97
Time (yr) = 141.97
Time (yr) = 141.97
Time (yr) = 141.97
Time (yr) = 141.97
Time (yr) = 141.97
Time (yr) = 141.97
Time (yr) = 141.97
Time (yr) = 141.97
Time (yr) = 141.97
Time (yr) = 141.97
Time (yr) = 141.97
Time (yr) = 141.97
Time (yr) = 141.97
Time (yr) = 141.97
Time (yr) = 141.97
Time (yr) = 141.97
Time (yr) = 141.97
Time (yr) = 141.97
Time (yr) = 141.97
Time (yr) = 141.97
Time (yr) = 141.97
Time (yr) = 141.97
Time (yr) = 141.97
Time (yr) = 141.97
Time (yr) = 141.97
Time (yr) = 141.97
Time (yr) = 141.97
Time (yr) = 141.97
Time (yr) = 141.97
Time (yr) = 141.97
Time (yr) = 141.97
Time (yr) = 141.97
Time (yr) = 141.97
Time (yr) = 141.97
Time (yr) = 141.97
Time (yr) = 141.97
Time (yr) = 141.97
Time (yr) = 141.97
Time (yr) = 141.97
Time (yr) = 141.97
Time (yr) = 141.97
Time (yr) = 141.97
Time (yr) = 141.97
Time (yr) = 141.97
Time (yr) = 141.97
Time (yr) = 141.97
Time (yr) = 141.97
Time (yr) = 141.97
Time (yr) = 141.97
Time (yr) = 141.97
Time (yr) = 141.97
Time (yr) = 141.97
Time (yr) = 141.97
Time (yr) = 141.97
Time (yr) = 141.97
Time (yr) = 141.97
Time (yr) = 141.97
Time (yr) = 141.97
Time (yr) = 141.97
Time (yr) = 141.97
Time (yr) = 141.97
Time (yr) = 141.97
Time (yr) = 141.97
Time (yr) = 141.97
Time (yr) = 141.97
Time (yr) = 141.97
Time (yr) = 141.97
Time (yr) = 141.97
Time (yr) = 141.97
Time (yr) = 141.97
Time (yr) = 141.97
Time (yr) = 141.97
Time (yr) = 141.97
Time (yr) = 141.97
Time (yr) = 141.97
Time (yr) = 141.97
Time (yr) = 141.97
Time (yr) = 141.97
Time (yr) = 141.97
Time (yr) = 141.97
Time (yr) = 141.97
Time (yr) = 141.97
Time (yr) = 141.97
Time (yr) = 141.97
Time (yr) = 141.97
Time (yr) = 141.97
Time (yr) = 141.97
Time (yr) = 141.97
Time (yr) = 141.97
Time (yr) = 141.97
Time (yr) = 141.97
Time (yr) = 141.97
Time (yr) = 141.97
Time (yr) = 141.97
Time (yr) = 141.97
Time (yr) = 141.97
Time (yr) = 141.97
Time (yr) = 141.97
Time (yr) = 141.97
Time (yr) = 141.97
Time (yr) = 141.97
Start of quasi-static solution

alphaa = 1.0
Time (yr) = 141.97
Time (yr) = 142.04
Time (yr) = 154.74
Time (yr) = 168.5
Time (yr) = 177.81
Time (yr) = 186.33
Time (yr) = 194.63
Time (yr) = 202.63
Time (yr) = 210.26
Time (yr) = 217.54
Time (yr) = 224.52
Time (yr) = 231.22
Time (yr) = 237.65
Time (yr) = 243.81
Time (yr) = 249.69
Time (yr) = 255.28
Time (yr) = 260.5
Time (yr) = 265.25
Time (yr) = 268.71
Time (yr) = 269.19
Time (yr) = 269.24
Time (yr) = 269.24
Time (yr) = 269.24
Time (yr) = 269.24
Start of dynamic solution

Time (yr) = 269.24
Time (yr) = 269.24
Time (yr) = 269.24
Time (yr) = 269.24
Time (yr) = 269.24
Time (yr) = 269.24
Time (yr) = 269.24
Time (yr) = 269.24
Time (yr) = 269.24
Time (yr) = 269.24
Time (yr) = 269.24
Time (yr) = 269.24
Time (yr) = 269.24
Time (yr) = 269.24
Time (yr) = 269.24
Time (yr) = 269.24
Time (yr) = 269.24
Time (yr) = 269.24
Time (yr) = 269.24
Time (yr) = 269.24
Time (yr) = 269.24
Time (yr) = 269.24
Time (yr) = 269.24
Time (yr) = 269.24
Time (yr) = 269.24
Time (yr) = 269.24
Time (yr) = 269.24
Time (yr) = 269.24
Time (yr) = 269.24
Time (yr) = 269.24
Time (yr) = 269.24
Time (yr) = 269.24
Time (yr) = 269.24
Time (yr) = 269.24
Time (yr) = 269.24
Time (yr) = 269.24
Time (yr) = 269.24
Time (yr) = 269.24
Time (yr) = 269.24
Time (yr) = 269.24
Time (yr) = 269.24
Time (yr) = 269.24
Time (yr) = 269.24
Time (yr) = 269.24
Time (yr) = 269.24
Time (yr) = 269.24
Time (yr) = 269.24
Time (yr) = 269.24
Time (yr) = 269.24
Time (yr) = 269.24
Time (yr) = 269.24
Time (yr) = 269.24
Time (yr) = 269.24
Time (yr) = 269.24
Time (yr) = 269.24
Time (yr) = 269.24
Time (yr) = 269.24
Time (yr) = 269.24
Time (yr) = 269.24
Time (yr) = 269.24
Time (yr) = 269.24
Time (yr) = 269.24
Time (yr) = 269.24
Time (yr) = 269.24
Time (yr) = 269.24
Time (yr) = 269.24
Time (yr) = 269.24
Time (yr) = 269.24
Time (yr) = 269.24
Time (yr) = 269.24
Time (yr) = 269.24
Time (yr) = 269.24
Time (yr) = 269.24
Time (yr) = 269.24
Time (yr) = 269.24
Time (yr) = 269.24
Time (yr) = 269.24
Time (yr) = 269.24
Time (yr) = 269.24
Time (yr) = 269.24
Time (yr) = 269.24
Time (yr) = 269.24
Time (yr) = 269.24
Time (yr) = 269.24
Time (yr) = 269.24
Time (yr) = 269.24
Time (yr) = 269.24
Time (yr) = 269.24
Time (yr) = 269.24
Time (yr) = 269.24
Time (yr) = 269.24
Time (yr) = 269.24
Time (yr) = 269.24
Time (yr) = 269.24
Time (yr) = 269.24
Time (yr) = 269.24
Time (yr) = 269.24
Time (yr) = 269.24
Time (yr) = 269.24
Time (yr) = 269.24
Time (yr) = 269.24
Time (yr) = 269.24
Time (yr) = 269.24
Time (yr) = 269.24
Time (yr) = 269.24
Time (yr) = 269.24
Time (yr) = 269.24
Time (yr) = 269.24
Time (yr) = 269.24
Time (yr) = 269.24
Time (yr) = 269.24
Time (yr) = 269.24
Time (yr) = 269.24
Time (yr) = 269.24
Time (yr) = 269.24
Time (yr) = 269.24
Time (yr) = 269.24
Time (yr) = 269.24
Time (yr) = 269.24
Time (yr) = 269.24
Time (yr) = 269.24
Time (yr) = 269.24
Time (yr) = 269.24
Start of quasi-static solution

alphaa = 1.0
Time (yr) = 269.24
Time (yr) = 269.27
Time (yr) = 280.83
Time (yr) = 294.94
89151.443091 seconds (21.79 G allocations: 3.035 TiB, 0.23% gc time, 0.01% compilation time)
simulation_time(hours): 24.764294978900278
simulation_time(days): 1.031845624120845


